1572754638131	mozrunner::runner	INFO	Running command: "C:\\Program Files\\Mozilla Firefox\\firefox.exe" "-marionette" "-foreground" "-no-remote" "-profile" "C:\\Users\\19728\\AppData\\Local\\Temp\\rust_mozprofileqIL7Dk"
1572754638815	addons.webextension.screenshots@mozilla.org	WARN	Loading extension 'screenshots@mozilla.org': Reading manifest: Invalid extension permission: mozillaAddons
1572754638815	addons.webextension.screenshots@mozilla.org	WARN	Loading extension 'screenshots@mozilla.org': Reading manifest: Invalid extension permission: telemetry
1572754638815	addons.webextension.screenshots@mozilla.org	WARN	Loading extension 'screenshots@mozilla.org': Reading manifest: Invalid extension permission: resource://pdf.js/
1572754638816	addons.webextension.screenshots@mozilla.org	WARN	Loading extension 'screenshots@mozilla.org': Reading manifest: Invalid extension permission: about:reader*
JavaScript error: resource://gre/modules/XULStore.jsm, line 66: Error: Can't find profile directory.
1572754641379	Marionette	INFO	Listening on port 59123
1572754641791	Marionette	WARN	TLS certificate errors will be ignored for this session
[Parent 11956, Gecko_IOThread] WARNING: pipe error: 109: file z:/task_1572401533/build/src/ipc/chromium/src/chrome/common/ipc_channel_win.cc, line 341
[Child 16228, Chrome_ChildThread] WARNING: pipe error: 109: file[Parent 11956, G ecko_IOThrz:/taske_1572401533/builad/src/ipc/chromium/src/chrome/common/ipc_channel_win.cc, line 341
[Child 16d] WARNING: pipe error: 109: file z:/task_1572401533/build/src/ipc/chromium/src/chrome/common/ipc_channel_win.cc, line 341
[Child 5092, Chrome_ChildThread] WARNING: pipe error: 109: file z:/task_1572401533/build/src/ipc/chromium/src/chrome/common/ipc_channel_win.cc, line 341
[Child 5092, Chrome_ChildThread] WARNI[Parent 11956, Gecko_IOThread] WARNING: pipe error: 109: file z:/task_1572401533/build/src/ipc/chromium/src/chrome/common/ipc_channel_win.cc, line 341
[Child 20384, Chrome_ChildThread] WARNING: pipe error: 109: file z:/task_1572401533/build/src/ipc/chromium/src/chrome/common/ipc_channel_win.cc, line 341
[Child 20384, 1572754692774	Marionette	INFO	Stopped listening on port 59123

###!!! [Child][RunMessage] Error: Channel closing: too late to send/recv, messages will be lost

[GPU[Parent 22028, Gecko_IOThread] WARNING: pipe error: 109: file z:/task_1572401533/build/src/ipc/chromium/src/chrome/common/ipc_channel_win.cc, line 341
[Parent 22028, Gecko_IOThread] WARNING: pipe error: 109: file z:/task_1572401533/build/src/ipc/chromium/src/chrome/common/ipc_channel_win.cc, line 341
[Child 12260, Chrome_ChildThread] WARNING: pipe error: 109: file z:/task_1572401533/build/src/ipc/chromium/src/chrome/common/ipc_channel_win.cc, line 341
[Child 12260,[Parent 22028, Gecko_IOThread] WARNING: pipe error: 109: file z:/task_1572401533/build/src/ipc/chromium/src/chrome/common/ipc_channel_win.cc, line 341
[Child 20856, Chrome_ChildThread] WARNING: pipe error: 109: file z:/task_1572401533/build/src/ipc/chromium/src/chrome/common/ipc_channel_win.cc, line 341
[Child 20856, Chrome1572754748981	Marionette	INFO	Stopped listening on port 59313
[GPU 4944, Chrome_
###!!! [Child][RunMessage] Error: Channel closing: too late to send/recv, messages will be lost


###!!! [Child][MessageChannel::SendAndWait] Error: Channel error: cannot send/recv

ror: Can't find profile directory.
1572754709158	Marionette	INFO	Listening on port 59376
1572754709491	Marionette	WARN	TLS certificate errors will be ignored for this session
[Parent 23456, Gecko_IOThread] WARNING: pipe error: 109: file z:/task_1572401533/build/src/ipc/chromium/src/chrome/common/ipc_channel_win.cc, line 341
[Parent 23456, Gecko_IOThread] WARNING: pipe error: 109: file z:/task_1572401533/build/src/ipc/chromium/src/chrome/common/ipc_channel_win.cc, line 341
[Child 13316, Chrome_ChildThread] WARNING: pipe error: 109: file z:/task_1572401533/build/src/ipc/chromium/src/chrome/common/ipc_channel_win.cc, line 341
[Child 19368, Chrome_ChildThread] WARNING: pipe error: 109: file z:/task_1572401533/build/src/ipc/chromium/src/chrome/common/ipc_channel_win.cc, line 341
[Child 19368, C[Parent 23456, Gecko_IOThread] WARNING: pipe error: 109: file z:/task_1572401533/build/src/ipc/chromium/src/chrome/common/ipc_channel_win.cc, line 341
[Child 11200, Chrome_ChildThread] WARNING: pipe error: 109: file z:/task_1572401533/build/src/ipc/chromium/src/chrome/common/ipc_channel_win.cc, line 341
[Child 11200, Ch1572754725980	Marionette	INFO	Stopped listening on port 59376
[GPU 2556, Chrome
###!!! [Child][RunMessage] Error: Channel closing: too late to send/recv, messages will be lost


###!!! [Child][MessageChannel::SendAndWait] Error: Channel error: cannot send/recv

1572754729647	mozrunner::runner	INFO	Running command: "C:\\Program Files\\Mozilla Firefox\\firefox.exe" "-marionette" "-foreground" "-no-remote" "-profile" "C:\\Users\\19728\\AppData\\Local\\Temp\\rust_mozprofile350vnD"
1572754730173	addons.webextension.screenshots@mozilla.org	WARN	Loading extension 'screenshots@mozilla.org': Reading manifest: Invalid extension permission: mozillaAddons
1572754730174	addons.webextension.screenshots@mozilla.org	WARN	Loading extension 'screenshots@mozilla.org': Reading manifest: Invalid extension permission: telemetry
1572754730174	addons.webextension.screenshots@mozilla.org	WARN	Loading extension 'screenshots@mozilla.org': Reading manifest: Invalid extension permission: resource://pdf.js/
1572754730174	addons.webextension.screenshots@mozilla.org	WARN	Loading extension 'screenshots@mozilla.org': Reading manifest: Invalid extension permission: about:reader*
JavaScript error: resource://gre/modules/XULStore.jsm, line 66: Error: Can't find profile directory.
1572754732022	Marionette	INFO	Listening on port 59550
1572754732260	Marionette	WARN	TLS certificate errors will be ignored for this session
[Parent 2452, Gecko_IOThread] WARNING: pipe error: 109: file z:/task_1572401533/build/src/ipc/chromium/src/chrome/common/ipc_channel_win.cc, line 341
[Parent 2452, Gecko_IOThread] WARNING: pipe error: 109: file z:/task_1572401533/build/src/ipc/chromium/src/chrome/common/ipc_channel_win.cc, line 341
[Child 5076, Chrome_ChildThread] WARNING: pipe error: 109: file z:/task_1572401533/build/src/ipc/chromium/src/chrome/common/ipc_channel_win.cc, [lCine 341
hild 20400, C[hCrome_ChildThread] WARNING: pipe error: 109: file z:/task_1572401533/build/src/ipc/chromium/src/chrome/common/ipc_channel_win.cc, line 341
[Child 20400[Parent 2452, Gecko_IOThread] WARNING: pipe error: 109: file z:/task_1572401533/build/src/ipc/chromium/src/chrome/common/ipc_channel_win.cc, line 341
[Child 14164, Chrome_ChildThread] WARNING: pipe error: 109: file z:/task_1572401533/build/src/ipc/chromium/src/chrome/common/ipc_channel_win.cc, line 341
[Child 14164, 1572754742628	Marionette	INFO	Stopped listening on port 59550
[GPU 25384, Chro
###!!! [Child][MessageChannel::SendAndWait] Error: Channel error: cannot send/recv

1572754891416	mozrunner::runner	INFO	Running command: "C:\\Program Files\\Mozilla Firefox\\firefox.exe" "-marionette" "-foreground" "-no-remote" "-profile" "C:\\Users\\19728\\AppData\\Local\\Temp\\rust_mozprofileQI0QLO"
1572754891948	addons.webextension.screenshots@mozilla.org	WARN	Loading extension 'screenshots@mozilla.org': Reading manifest: Invalid extension permission: mozillaAddons
1572754891948	addons.webextension.screenshots@mozilla.org	WARN	Loading extension 'screenshots@mozilla.org': Reading manifest: Invalid extension permission: telemetry
1572754891948	addons.webextension.screenshots@mozilla.org	WARN	Loading extension 'screenshots@mozilla.org': Reading manifest: Invalid extension permission: resource://pdf.js/
1572754891948	addons.webextension.screenshots@mozilla.org	WARN	Loading extension 'screenshots@mozilla.org': Reading manifest: Invalid extension permission: about:reader*
JavaScript error: resource://gre/modules/XULStore.jsm, line 66: Error: Can't find profile directory.
1572754893722	Marionette	INFO	Listening on port 59834
1572754894040	Marionette	WARN	TLS certificate errors will be ignored for this session
[Parent 15192, Gecko_IOThread] WARNING: pipe error: 109: file z:/task_1572401533/build/src/ipc/chromium/src/chrome/common/ipc_channel_win.cc, line 341
[Parent 15192, Gecko_IOThread] WARNING: pipe error: 109: file z:/task_1572401533/build/src/ipc/chromium/src/chrome/common/ipc_channel_win.cc, line 341
[Child 7332, Chrome_ChildThread] WARNING: pipe error: 109: file z:/task_1572401533/build/src/ipc/chromium/src/chrome/common/ipc_channel_wi[Child 13604, Chrome_ChildThread] WARNn.cc, lineING: pipe error:  109: fi3l4e1 
z:/task_1572401533/build/src/ipc/chromium/src/chrome/common/ipc_channel_win.cc, line 341
[Child 13604,[Parent 15192, Gecko_IOThread] WARNING: pipe error: 109: file z:/task_1572401533/build/src/ipc/chromium/src/chrome/common/ipc_channel_win.cc, line 341
[Child 23392, Chrome_ChildThread] WARNING: pipe error: 109: file z:/task_1572401533/build/src/ipc/chromium/src/chrome/common/ipc_channel_win.cc, line 341
[Child 23392, Chrom1572754904041	Marionette	INFO	Stopped listening on port 59834
[GPU 21980, Chro
###!!! [Child][RunMessage] Error: Channel closing: too late to send/recv, messages will be lost


###!!! [Child][MessageChannel::SendAndWait] Error: Channel error: cannot send/recv

1572755032952	mozrunner::runner	INFO	Running command: "C:\\Program Files\\Mozilla Firefox\\firefox.exe" "-marionette" "-foreground" "-no-remote" "-profile" "C:\\Users\\19728\\AppData\\Local\\Temp\\rust_mozprofileTEG4f9"
1572755033297	addons.webextension.screenshots@mozilla.org	WARN	Loading extension 'screenshots@mozilla.org': Reading manifest: Invalid extension permission: mozillaAddons
1572755033298	addons.webextension.screenshots@mozilla.org	WARN	Loading extension 'screenshots@mozilla.org': Reading manifest: Invalid extension permission: telemetry
1572755033298	addons.webextension.screenshots@mozilla.org	WARN	Loading extension 'screenshots@mozilla.org': Reading manifest: Invalid extension permission: resource://pdf.js/
1572755033298	addons.webextension.screenshots@mozilla.org	WARN	Loading extension 'screenshots@mozilla.org': Reading manifest: Invalid extension permission: about:reader*
JavaScript error: resource://gre/modules/XULStore.jsm, line 66: Error: Can't find profile directory.
1572755034453	Marionette	INFO	Listening on port 60044
1572755034486	Marionette	WARN	TLS certificate errors will be ignored for this session
JavaScript error: javascript: (function(){document.open();document.domain="tpc.googlesyndication.com";document.write('%3Chtml%3E%3Chead%3E%3Cscript%20type%3D%22text%2Fjavascript%22%3E(function()%7Btry%7Bwindow.%24dv%3Dwindow.%24dvbs%7C%7Cparent.%24dvbs%2Cwindow.%24dv.dvObjType%3D%22dvbs%22%7Dcatch(e)%7B%7D%7D)()%3B%3C%2Fscript%3E%3C%2Fhead%3E%3Cbody%3E%3Cscript%20type%3D%22text%2Fjavascript%22%3E(function(a)%7Bwindow.%24frmId%3DMath.random().toString(36)%2BMath.random().toString(36)%3Bfor(var%20b%3D%5B%7Bsrc%3A%22dv-match%22%2Cmain%3A6%7D%5D%2Cd%3D0%3Bd%3Cb.length%3Bd%2B%2B)%7Bvar%20f%3Db%5Bd%5D%2Ce%3Df.eval%26%26f.rate%26%26100*Math.random()%3Cf.rate%3Ff.eval%3Af.main%2Cg%3Ddocument.createElement(%22script%22)%3Bg.src%3D%22%2F%2F%22%2Ba%2B%22%2F%22%2Bf.src%2Be%2B%22.js%22%3Bg.async%3D!0%3Bdocument.body.appendChild(g)%7D%7D)(%22cdn.doubleverify.com%22)%3B%3C%2Fscript%3E%3Cscript%20type%3D%22text%2Fjavascript%22%3EsetTimeout(function()%20%7Bdocument.close()%3B%7D%2C%200)%3B%3C%2Fscript%3E%3C%2Fbody%3E%3C%2Fhtml%3E');})(), line 1: SecurityError: The operation is insecure.
JavaScript error: chrome://marionette/content/proxy.js, line 222: TypeError: this.browser.driver.dialogObserver is null
[Parent 2452, Gecko_IOThread] WARNING: pipe error: 109: file z:/task_1572401533/build/src/ipc/chromium/src/chrome/common/ipc_channel_win.cc, line 341
[Parent 2452, Gecko_IOThread] WARNING: pipe error: 109: file z:/task_1572401533/build/src/ipc/chromium/src/chrome/common/ipc_channel_win.cc, line 341

###!!! [Child][MessageChannel] Error: (msgtype=0x57000E,name=PHttpChannel::Msg_DeletingChannel) Channel closing: too late to send/recv, messages will be lost

[Child 56
###!!! [Child][MessageChannel] Error: (msgtype=0x57000E,name=PHttpChannel::Msg_DeletingChannel) Channel closing: too late to send/recv, messages will be lost

8, Chrome_ChildThread] WARNING: pipe error: 109: file z:/task_1572401533/build/src/ipc/chromi[Child 25400, Chrome_ChildThread] WARNING: puipe errorm/src: 109: f/chrome/commile z:/task_1572401533/bon/ipc_chanuild/src/ipc/chrnel_win.cc, omium/src/chrome/commonline 3/ipc41
_channel_win.[Child 5cc, line 34168
[Child 2540[Parent 2452, Gecko_IOThread] WARNING: pipe error: 109: file z:/task_1572401533/build/src/ipc/chromium/src/chrome/common/ipc_channel_win.cc, line 341
[Child 11452, Chrome_ChildThread] WARNING: pipe error: 109: file z:/task_1572401533/build/src/ipc/chromium/src/chrome/common/ipc_channel_win.cc, line 341
[Child 11452,1572755049413	Marionette	INFO	Stopped listening on port 60044
[GPU 133
###!!! [Child][RunMessage] Error: Channel closing: too late to send/recv, messages will be lost

48, Chrome
###!!! [Child][MessageChannel::SendAndWait] Error: Channel error: cannot send/recv

1572755053510	mozrunner::runner	INFO	Running command: "C:\\Program Files\\Mozilla Firefox\\firefox.exe" "-marionette" "-foreground" "-no-remote" "-profile" "C:\\Users\\19728\\AppData\\Local\\Temp\\rust_mozprofileMsnWat"
1572755053830	addons.webextension.screenshots@mozilla.org	WARN	Loading extension 'screenshots@mozilla.org': Reading manifest: Invalid extension permission: mozillaAddons
1572755053830	addons.webextension.screenshots@mozilla.org	WARN	Loading extension 'screenshots@mozilla.org': Reading manifest: Invalid extension permission: telemetry
1572755053830	addons.webextension.screenshots@mozilla.org	WARN	Loading extension 'screenshots@mozilla.org': Reading manifest: Invalid extension permission: resource://pdf.js/
1572755053830	addons.webextension.screenshots@mozilla.org	WARN	Loading extension 'screenshots@mozilla.org': Reading manifest: Invalid extension permission: about:reader*
JavaScript error: resource://gre/modules/XULStore.jsm, line 66: Error: Can't find profile directory.
1572755055010	Marionette	INFO	Listening on port 60207
1572755055021	Marionette	WARN	TLS certificate errors will be ignored for this session
JavaScript warning: https://static.adsafeprotected.com/sca.17.4.95.js, line 32: Array.slice is deprecated; use Array.prototype.slice instead
[Parent 16096, Gecko_IOThread] WARNING: pipe error: 109: file z:/task_1572401533/build/src/ipc/chromium/src/chrome/common/ipc_channel_win.cc, line 341
[Parent 16096, Gecko_IOThread] WARNING: pipe error: 109: file z:/task_1572401533/build/src/ipc/chromium/src/chrome/common/ipc_channel_win.cc, line 341
[Child 17572, Chrome_ChildThread] WARNING: pipe error: 109: file z:/task_1572401533/build/src/ipc/chromium/src/chrome/common/ipc_channel_win.cc, line 341
[Child 23540, C[Chhrome_ChildThread] WARild 17572, ChroNmING: pipe error: 109: file z:/task_1572401533/build/src/ipc/chromium/src/chrome/common/ipc_channel_win.cc, line 341
[Child 235[Parent 16096, Gecko_IOThread] WARNING: pipe error: 109: file z:/task_1572401533/build/src/ipc/chromium/src/chrome/common/ipc_channel_win.cc, line 341
[Child 25140, Chrome_ChildThread] WARNING: pipe error: 109: file z:/task_1572401533/build/src/ipc/chromium/src/chrome/common/ipc_channel_win.cc, line 341
[Child 25140, Chrome_ChildT1572755227731	Marionette	INFO	Stopped listening on port 60207
[GPU 22664, C
###!!! [Child][RunMessage] Error: Channel closing: too late to send/recv, messages will be losJavaScript error: https://cdn.doubleverify.com/dv-measurements292.js, line 56: NS_ERROR_NOT_INITIALIZED: 
[Parent 23292, Gecko_IOThread] WARNING: pipe error: 109: file z:/task_1572401533/build/src/ipc/chromium/src/chrome/common/ipc_channel_win.cc, line 341
[Parent 23292, Gecko_IOThread] WARNING: pipe error: 109: file z:/task_1572401533/build/src/ipc/chromium/src/chrome/common/ipc_channel_win.cc, line 341
[Child 23256, Chrome_ChildThread] WARNING: pipe error: 232: file z:/task_1572401533/build/src/ipc/chromium/src/chrome/common/ipc_channel_win.cc, line 502
[[Child C2h325i6, ld 3892, Chrome_ChildThread] WARNING: pipe error: 109: file z:/task_1572401533/build/src/ipc/chromium/src/chrome/common/ipc_channel_win.cc, line 341
[Child 3892, [Parent 23292, Gecko_IOThread] WARNING: pipe error: 109: file z:/task_1572401533/build/src/ipc/chromium/src/chrome/common/ipc_channel_win.cc, line 341
[Child 12600, Chrome_ChildThread] WARNING: pipe error: 109: file z:/task_1572401533/build/src/ipc/chromium/src/chrome/common/ipc_channel_win.cc, line 341
[Child 12600, Chrome_ChildThread] WARNINconsole.error: (new Error("Connection closed before committing the transaction.", "resource://gre/modules/Sqlite.jsm", 683))
1572755228582	Marionette	INFO	Stopped listening on port 60358
[GPU 9824, Chrome_Chi
###!!! [Child][RunMessage] Error: Channel closing: too late to send/recv, messages will be lost

ldThread] WAR
###!!! [Child][MessageChannel::SendAndWait] Error: Channel error: cannot send/recv

ls/server/actors/utils/TabSources.js:547:17
_resurrectSource@resource://devtools/server/actors/thread.js:2033:69
addAllSources@resource://devtools/server/actors/thread.js:1334:14
onSources@resource://devtools/server/actors/thread.js:1340:10
onPacket@resource://devtools/server/debugger-server-connection.js:378:58
receiveMessage@resource://devtools/shared/transport/child-transport.js:66:16
Line: 678, column: 0
console.error: ({})
JavaScript error: resource://devtools/shared/DevToolsUtils.js, line 678: NS_ERROR_FAILURE: Failed to open input source 'file:///'
SourceActor threw an exception: [Exception... "Component returned failure code: 0x80470002 (NS_BASE_STREAM_CLOSED) [nsIInputStream.available]"  nsresult: "0x80470002 (NS_BASE_STREAM_CLOSED)"  location: "JS frame :: resource://devtools/shared/DevToolsUtils.js :: onResponse :: line 577"  data: no]
Stack: onResponse@resource://devtools/shared/DevToolsUtils.js:577:34
onStopRequest@resource://gre/modules/NetUtil.jsm:128:18
Line: 577, column: 0
console.error: ({})
JavaScript error: resource://devtools/shared/DevToolsUtils.js, line 577: NS_BASE_STREAM_CLOSED: Component returned failure code: 0x80470002 (NS_BASE_STREAM_CLOSED) [nsIInputStream.available]
[Parent 6852, Gecko_IOThread] WARNING: pipe error: 109: file z:/task_1572401533/build/src/ipc/chromium/src/chrome/common/ipc_channel_win.cc, line 341
[Parent 6852, Gecko_IOThread] WARNING: pipe error: 109: file z:/task_1572401533/build/src/ipc/chromium/src/chrome/common/ipc_channel_win.cc, line 341
[Child 16236, Chrome_ChildThread] WARNING: pipe error: 109: file z:/task_1572401533/build/src/ipc/chromium/src/chrome/common/ipc_channel_win.cc, line 341
[[Child 24124, Chrome_ChildThread] WARNING: pipe error: 109: file z:/task_1572401533/build/src/ipc/chromium/src/chrome/common/ipc_channel_win.cc, line 341
[Child 24124, Chrome_ChildThread] WARNING[Parent 6852, Gecko_IOThread] WARNING: pipe error: 109: file z:/task_1572401533/build/src/ipc/chromium/src/chrome/common/ipc_channel_win.cc, line 341
[Child 23164, Chrome_ChildThread] WARNING: pipe error: 109: file z:/task_1572401533/build/src/ipc/chromium/src/chrome/common/ipc_channel_win.cc, line 341
[Child 23164, Chrome_Childconsole.error: (new Error("Connection closed before committing the transaction.", "resource://gre/modules/Sqlite.jsm", 683))
1572755231555	Marionette	INFO	Stopped listening on port 60514
[GPU 21088, Chrom
###!!! [Child][RunMessage] Error: Channel closing: too late to send/recv, messages will be lost
[Parent 22032, Gecko_IOThread] WARNING: pipe error: 109: file z:/task_1572401533/build/src/ipc/chromium/src/chrome/common/ipc_channel_win.cc, line 341
[Parent 22032, Gecko_IOThread] WARNING: pipe error: 109: file z:/task_1572401533/build/src/ipc/chromium/src/chrome/common/ipc_channel_win.cc, line 341
[Child 21868, Chrome_ChildThread] WARNING: pipe error: 232: file z:/task_1572401533/build/src/ipc/chromium/src/chrome/common/ipc_channel_win.cc, line 502
[Child 21868, Chrome_ChildThread] WARNING: pipe error: 109: file z:/task_15724[Child 1375201533/bu, Chrome_ChiildlThread] WARNIdNG: p/ipe errsorr: 109: fcil/e z:/task_1572i401p533/buicld/chromium/src/chrome/common/ipc_channe/src/iplc/chromium/s_win.cc, line 341rc/chrome/co
mmon/ipc_channel_win.c[c, lineC 341
[Child 1375[Parent 22032, Gecko_IOThread] WARNING: pipe error: 109: file z:/task_1572401533/build/src/ipc/chromium/src/chrome/common/ipc_channel_win.cc, line 341
[Child 12896, Chrome_ChildThread] WARNING: pipe error: 109: file z:/task_1572401533/build/src/ipc/chromium/src/chrome/common/ipc_channel_win.cc, line 341
[Child 12896, Chrome_Chiconsole.error: (new Error("Connection closed before committing the transaction.", "resource://gre/modules/Sqlite.jsm", 683))
1572755232373	Marionette	INFO	Stopped listening on port 60786
[GPU 20800, Chrome_ChildThread]
###!!! [Child][MessageChannel::SendAndWait] Error: Channel error: cannot send/recv

jType%3D%22dvbs%22%7Dcatch(e)%7B%7D%7D)()%3B%3C%2Fscript%3E%3C%2Fhead%3E%3Cbody%3E%3Cscript%20type%3D%22text%2Fjavascript%22%3E(function(a)%7Bwindow.%24frmId%3DMath.random().toString(36)%2BMath.random().toString(36)%3Bfor(var%20b%3D%5B%7Bsrc%3A%22dv-match%22%2Cmain%3A6%7D%5D%2Cd%3D0%3Bd%3Cb.length%3Bd%2B%2B)%7Bvar%20f%3Db%5Bd%5D%2Ce%3Df.eval%26%26f.rate%26%26100*Math.random()%3Cf.rate%3Ff.eval%3Af.main%2Cg%3Ddocument.createElement(%22script%22)%3Bg.src%3D%22%2F%2F%22%2Ba%2B%22%2F%22%2Bf.src%2Be%2B%22.js%22%3Bg.async%3D!0%3Bdocument.body.appendChild(g)%7D%7D)(%22cdn.doubleverify.com%22)%3B%3C%2Fscript%3E%3Cscript%20type%3D%22text%2Fjavascript%22%3EsetTimeout(function()%20%7Bdocument.close()%3B%7D%2C%200)%3B%3C%2Fscript%3E%3C%2Fbody%3E%3C%2Fhtml%3E');})(), line 1: SecurityError: The operation is insecure.
[Child 20720, Chrome_ChildThread] WARNING: pipe error: 109: file z:/task_1572401533/build/src/ipc/chromium/src/chrome/common/ipc_channel_win.cc, line 341
[Child 20720, [Child 22128, Chrome_ChildThread] WARNING: pipe error: 109: file z:/task_1572401533/build/src/ipc/chromium/src/chrome/common/ipc_channel_win.cc, line 341
[Child 22128, Chrome_Chi[Parent 21048, Gecko_IOThread] WARNING: pipe error: 109: file z:/task_1572401533/build/src/ipc/chromium/src/chrome/common/ipc_channel_win.cc, line 341
[Child 2284, Chrome_ChildThread] WARNING: pipe error: 109: file z:/task_1572401533/build/src/ipc/chromium/src/chrome/common/ipc_channel_win.cc, line 341
[Child 2284, Chrome_ChildThrea1572755233640	Marionette	INFO	Stopped listening on port 60954
[GPU
###!!! [Child][RunMessage] Error: Channel closing: too late to send/recv, messages will be lost

 
###!!! [Child][MessageChannel::SendAndWait] Error: Channel error: cannot send/recv

1572755238126	mozrunner::runner	INFO	Running command: "C:\\Program Files\\Mozilla Firefox\\firefox.exe" "-marionette" "-foreground" "-no-remote" "-profile" "C:\\Users\\19728\\AppData\\Local\\Temp\\rust_mozprofilePxmJnO"
1572755238468	addons.webextension.screenshots@mozilla.org	WARN	Loading extension 'screenshots@mozilla.org': Reading manifest: Invalid extension permission: mozillaAddons
1572755238468	addons.webextension.screenshots@mozilla.org	WARN	Loading extension 'screenshots@mozilla.org': Reading manifest: Invalid extension permission: telemetry
1572755238468	addons.webextension.screenshots@mozilla.org	WARN	Loading extension 'screenshots@mozilla.org': Reading manifest: Invalid extension permission: resource://pdf.js/
1572755238468	addons.webextension.screenshots@mozilla.org	WARN	Loading extension 'screenshots@mozilla.org': Reading manifest: Invalid extension permission: about:reader*
JavaScript error: resource://gre/modules/XULStore.jsm, line 66: Error: Can't find profile directory.
1572755239744	Marionette	INFO	Listening on port 61271
1572755240141	Marionette	WARN	TLS certificate errors will be ignored for this session
[Parent 21224, Gecko_IOThread] WARNING: pipe error: 109: file z:/task_1572401533/build/src/ipc/chromium/src/chrome/common/ipc_channel_win.cc, line 341
[Child 23804, Chrome_ChildThread] WARNING: pipe error: 109: file z:/task_1572401533/build/src/ipc/chromium/src/chrome/common/ipc_channel_win.cc, line 341
[Child 2380[Parent 21224, Gecko_IOThread] WARNING: pipe error: 109: file z:/task_1572401533/build/src/ipc/chromium/src/chrome/common/ipc_channel_win.cc, line 341
[Child 24020, C[Parent 21224, Gecko_IOThread] WARNING: pipe error: 109: file z:/task_1572401533/build/src/ipc/chromium/src/chrome/common/ipc_channel_win.cc, line 341
[Child 21444, Chrome_ChildThread] WARNING: pipe error: 109: file z:/task_1572401533/build/src/ipc/chromium/src/chrome/common/ipc_channel_win.cc, line 341
[Child 21444, Chrome_Chiconsole.error: (new Error("Connection closed before committing the transaction.", "resource://gre/modules/Sqlite.jsm", 683))
1572755655412	Marionette	INFO	Stopped listening on port 61271
[GPU 20
###!!! [Child][RunMessage] Error: Channel closing: too late to send/recv, messages will be lost

804, Chrome_ChildTh
###!!! [Child][MessageChannel::SendAndWait] Error: Channel error: cannot send/recv

line 32: Array.slice is deprecated; use Array.prototype.slice instead
[Parent 1608, Gecko_IOThread] WARNING: pipe error: 109: file z:/task_1572401533/build/src/ipc/chromium/src/chrome/common/ipc_channel_win.cc, line 341
[Child 23632, Chrome_ChildThread] WARNING: pipe error: 109: file z:/task_1572401533/build/src/ipc/chromium/src/chrome/common/ipc_channel_win.cc, line 341
[Child 24880, Chrome_ChildThread] W[Child 12828, Chrome_ChildThread] WARNING: pipe error: 109: file z:/task_1572401533/build/src/ipc/chromium/src/chrome/common/ipc_channel_win.cc, line 341
[Child 12828, console.error: (new Error("Connection closed before committing the transaction.", "resource://gre/modules/Sqlite.jsm", 683))
1572755656417	Marionette	INFO	Stopped listening on port 61611
[GP
###!!! [Child][RunMessage] Error: Channel closing: too late to send/recv, messages will be lost

U
###!!! [Child][MessageChannel::SendAndWait] Error: Channel error: cannot send/recv

out:reader*
JavaScript error: resource://gre/modules/XULStore.jsm, line 66: Error: Can't find profile directory.
1572755526713	Marionette	INFO	Listening on port 61783
1572755527193	Marionette	WARN	TLS certificate errors will be ignored for this session
[Parent 24128, Gecko_IOThread] WARNING: pipe error: 109: file z:/task_1572401533/build/src/ipc/chromium/src/chrome/common/ipc_channel_win.cc, line 341
[Parent 24128, Gecko_IOThread] WARNING: pipe error: 109: file z:/task_1572401533/build/src/ipc/chromium/src/chrome/common/ipc_channel_win.cc, line 341
[Parent 24128, Gecko_IOThread] WARNING: pipe error: 109: file z:/task_1572401533/build/src/ipc/chromium/src/chrome/common/ipc_channel_win.cc, line 341
[Child 9660, Chrome_ChildThread] WARNING: pipe error: 109: file z:/task_1572401533/build/src/ipc/[Child 25128, Chrome_ChildThread] WARNING: pipe error: 109: file z:/task_1572401533/build/src/ipc/chromium/src/chrome/common/ipc_channel_win.cc, line 341
chromium/s[Child 25128, Chrome_rChildThcr/ead] WARNchrome/common/ipc_channel_win.cc, line 341
[Child 9660, Chro[Parent 24128, Gecko_IOThread] WARNING: pipe error: 109: file z:/task_1572401533/build/src/ipc/chromium/src/chrome/common/ipc_channel_win.cc, line 341
[Child 23800, Chrome_ChildThread] WARNING: pipe error: 109: file z:/task_1572401533/build/src/ipc/chromium/src/chrome/common/ipc_channel_win.cc, line 341
[Child 23800, Chro1572755657465	Marionette	INFO	Stopped listening on port 61783
[GPU 15524, Chrome_ChildThrea
###!!! [Child][RunMessage] Error: Channel closing: t[Parent 22336, Gecko_IOThread] WARNING: pipe error: 109: file z:/task_1572401533/build/src/ipc/chromium/src/chrome/common/ipc_channel_win.cc, line 341
[Parent 22336, Gecko_IOThread] WARNING: pipe error: 109: file z:/task_1572401533/build/src/ipc/chromium/src/chrome/common/ipc_channel_win.cc, line 341
[Child 12880, Chrome_ChildThread] WARNING: pipe error: 109: file z:/task_1572401533/build/src/ipc/chromium/src/chrome/c[oCmhmiolnd/ i1p0c4_4c,h aCnhnreolm_ew_iCnh.icc,l line 341
dThread] WARNING[: pipe error: 109: file z:/task_1572401533/build/src/ipc/chromium/src/chrome/common/ipc_channel_win.cc, line 341
[Child 1044, Chrome_Chil[Parent 22336, Gecko_IOThread] WARNING: pipe error: 109: file z:/task_1572401533/build/src/ipc/chromium/src/chrome/common/ipc_channel_win.cc, line 341
[Child 7420, Chrome_ChildThread] WARNING: pipe error: 109: file z:/task_1572401533/build/src/ipc/chromium/src/chrome/common/ipc_channel_win.cc, line 341
[Child 7420, Chrome_Chconsole.error: (new Error("Connection closed before committing the transaction.", "resource://gre/modules/Sqlite.jsm", 683))
1572755658729	Marionette	INFO	Stopped listening on port 62012

###!!! [Child][RunMessage] Error: Channel closing: too late to send/recv, messages will be lost

[GPU 1
###!!! [Child][MessageChannel::SendAndWait] Error: Channel error: cannot send/recv

r: 109: file z:/task_1572401533/build/src/ipc/chromium/src/chrome/common/ipc_channel_win.cc, line 341
[Child 9044, Chrome_ChildThread] WARNING: pipe error: 109: file z:/task_1572401533/build/src/ipc/chromium/src/chrome/c[Child 14804, Chrome_ChildThread] WARNING: piope errmor: 10m9: fileo z:/task_1572401533/build/src/ipc/chromium/src/chrome/common/nipc_channel_win.cc, line 341
/ipc_channel_win[.Ccc, line 341
[Child 9044, Chrome_C[Parent 12456, Gecko_IOThread] WARNING: pipe error: 109: file z:/task_1572401533/build/src/ipc/chromium/src/chrome/common/ipc_channel_win.cc, line 341
[Child 7968, Chrome_ChildThread] WARNING: pipe error: 109: file z:/task_1572401533/build/src/ipc/chromium/src/chrome/common/ipc_channel_win.cc, line 341
[Child 7968, Chrome_Chil1572755652856	Marionette	INFO	Stopped listening on port 62370
[GPU 15592, Chrome_ChildThre
###!!! [Child][RunMessage] Error: Channel closing: too late to send/recv, messages will be lost

a
###!!! [Child][MessageChannel::SendAndWait] Error: Channel error: cannot send/recv

1572755667494	mozrunner::runner	INFO	Running command: "C:\\Program Files\\Mozilla Firefox\\firefox.exe" "-marionette" "-foreground" "-no-remote" "-profile" "C:\\Users\\19728\\AppData\\Local\\Temp\\rust_mozprofile7WrTE7"
1572755667800	addons.webextension.screenshots@mozilla.org	WARN	Loading extension 'screenshots@mozilla.org': Reading manifest: Invalid extension permission: mozillaAddons
1572755667800	addons.webextension.screenshots@mozilla.org	WARN	Loading extension 'screenshots@mozilla.org': Reading manifest: Invalid extension permission: telemetry
1572755667800	addons.webextension.screenshots@mozilla.org	WARN	Loading extension 'screenshots@mozilla.org': Reading manifest: Invalid extension permission: resource://pdf.js/
1572755667801	addons.webextension.screenshots@mozilla.org	WARN	Loading extension 'screenshots@mozilla.org': Reading manifest: Invalid extension permission: about:reader*
JavaScript error: resource://gre/modules/XULStore.jsm, line 66: Error: Can't find profile directory.
1572755668956	Marionette	INFO	Listening on port 62420
1572755669001	Marionette	WARN	TLS certificate errors will be ignored for this session
JavaScript warning: https://cdn.glassboxcdn.com/expedia/detector-dom.min.js, line 0: Successfully compiled asm.js code (total compilation time 2ms)
JavaScript error: https://gum.criteo.com/syncframe?topUrl=a.intentmedia.net#{%22bundle%22:{%22origin%22:0,%22value%22:null},%22cw%22:true,%22idfs%22:{%22origin%22:0,%22value%22:null},%22lwid%22:{%22origin%22:3,%22value%22:%2251e763a9-3d0c-4523-91c1-1c95402b3338%22},%22optout%22:{%22origin%22:0,%22value%22:null},%22origin%22:%22onetag%22,%22pm%22:0,%22sid%22:{%22origin%22:0,%22value%22:null},%22tld%22:%22hotwire.com%22,%22topUrl%22:%22a.intentmedia.net%22,%22uid%22:null,%22version%22:%225_4_0%22}, line 13: SecurityError: The operation is insecure.
SourceActor threw an exception: [Exception... "Failed to open input source 'file:///'"  nsresult: "0x80004005 (NS_ERROR_FAILURE)"  location: "JS frame :: resource://devtools/shared/DevToolsUtils.js :: mainThreadFetch/< :: line 678"  data: yes]
Stack: mainThreadFetch/<@resource://devtools/shared/DevToolsUtils.js:678:15
mainThreadFetch@resource://devtools/shared/DevToolsUtils.js:530:10
_fetchURLContents@resource://devtools/server/actors/utils/TabSources.js:580:22
urlContents@resource://devtools/server/actors/utils/TabSources.js:547:17
_resurrectSource@resource://devtools/server/actors/thread.js:2033:69
addAllSources@resource://devtools/server/actors/thread.js:1334:14
onSources@resource://devtools/server/actors/thread.js:1340:10
onPacket@resource://devtools/server/debugger-server-connection.js:378:58
receiveMessage@resource://devtools/shared/transport/child-transport.js:66:16
Line: 678, column: 0
console.error: ({})
SourceActor threw an exception: [Exception... "Failed to open input source 'javascript:false'"  nsresult: "0x80040111 (NS_ERROR_NOT_AVAILABLE)"  location: "JS frame :: resource://devtools/shared/DevToolsUtils.js :: mainThreadFetch/< :: line 678"  data: yes]
Stack: mainThreadFetch/<@resource://devtools/shared/DevToolsUtils.js:678:15
mainThreadFetch@resource://devtools/shared/DevToolsUtils.js:530:10
_fetchURLContents@resource://devtools/server/actors/utils/TabSources.js:580:22
urlContents@resource://devtools/server/actors/utils/TabSources.js:547:17
_resurrectSource@resource://devtools/server/actors/thread.js:2033:69
addAllSources@resource://devtools/server/actors/thread.js:1334:14
onSources@resource://devtools/server/actors/thread.js:1340:10
onPacket@resource://devtools/server/debugger-server-connection.js:378:58
receiveMessage@resource://devtools/shared/transport/child-transport.js:66:16
Line: 678, column: 0
console.error: ({})
JavaScript error: resource://devtools/shared/DevToolsUtils.js, line 678: NS_ERROR_FAILURE: Failed to open input source 'file:///'
JavaScript error: resource://devtools/shared/DevToolsUtils.js, line 678: NS_ERROR_NOT_AVAILABLE: Failed to open input source 'javascript:false'
SourceActor threw an exception: [Exception... "Component returned failure code: 0x80470002 (NS_BASE_STREAM_CLOSED) [nsIInputStream.available]"  nsresult: "0x80470002 (NS_BASE_STREAM_CLOSED)"  location: "JS frame :: resource://devtools/shared/DevToolsUtils.js :: onResponse :: line 577"  data: no]
Stack: onResponse@resource://devtools/shared/DevToolsUtils.js:577:34
onStopRequest@resource://gre/modules/NetUtil.jsm:128:18
Line: 577, column: 0
console.error: ({})
JavaScript error: resource://devtools/shared/DevToolsUtils.js, line 577: NS_BASE_STREAM_CLOSED: Component returned failure code: 0x80470002 (NS_BASE_STREAM_CLOSED) [nsIInputStream.available]
[Parent 21612, Gecko_IOThread] WARNING: pipe error: 109: file z:/task_1572401533/build/src/ipc/chromium/src/chrome/common/ipc_channel_win.cc, line 341
[Parent 21612, Gecko_IOThread] WARNING: pipe error: 109: file z:/task_1572401533/build/src/ipc/chromium/src/chrome/common/ipc_channel_win.cc, line 341
[Child 2180, Chrome_ChildThread] WARNING: pipe error: 109: file z:/task_1572401533/build/src/ipc/chromium/src/chrome/common/ipc_channel_win.cc, line 341
[Child 2180, Chrome_ChildThread] WARNING: pipe error: 109: file z:/task_1572401533/build/src/ipc/chromium/src/chrome/common/ipc_channel_win.cc, line 341
[Parent 21612, Gecko_IOThread] WARNING: pipe error: 109: file z:/task_1572401533/build/src/ipc/chromium/src/chrome/common/ipc_channel_win.cc, line 341
[Child 4136, Chrome_ChildThread] WARNING: pipe error: 109: file z:/task_1572401533/build/src/ipc/chromium/src/chrome/common/ipc_channel_win.cc, line 341
[Child 4136, C1572756302153	Marionette	INFO	Stopped listening on port 62420

###!!! [Child][RunMessage] Error: Channel closing: too late to send/recv, messages will be lost

[GPU 4168, Chrome_ChildThre
###!!! [Child][MessageChannel::SendAndWait] Error: Channel error: cannot send/recv

4.95.js, line 32: Array.slice is deprecated; use Array.prototype.slice instead
JavaScript warning: https://cdn.glassboxcdn.com/expedia/detector-dom.min.js, line 0: Successfully compiled asm.js code (total compilation time 2ms)
JavaScript error: https://gum.criteo.com/syncframe?topUrl=a.intentmedia.net#{%22bundle%22:{%22origin%22:0,%22value%22:null},%22cw%22:true,%22idfs%22:{%22origin%22:0,%22value%22:null},%22lwid%22:{%22origin%22:3,%22value%22:%22170d4947-16bf-4f98-9987-6610841d1b1b%22},%22optout%22:{%22origin%22:0,%22value%22:null},%22origin%22:%22onetag%22,%22pm%22:0,%22sid%22:{%22origin%22:0,%22value%22:null},%22tld%22:%22hotwire.com%22,%22topUrl%22:%22a.intentmedia.net%22,%22uid%22:null,%22version%22:%225_4_0%22}, line 13: SecurityError: The operation is insecure.
JavaScript error: https://gum.criteo.com/syncframe?topUrl=a.intentmedia.net#{%22bundle%22:{%22origin%22:0,%22value%22:null},%22cw%22:true,%22idfs%22:{%22origin%22:0,%22value%22:null},%22lwid%22:{%22origin%22:3,%22value%22:%22b2d68a27-8cf7-4801-8bd6-8f5a44f4982e%22},%22optout%22:{%22origin%22:0,%22value%22:null},%22origin%22:%22onetag%22,%22pm%22:0,%22sid%22:{%22origin%22:0,%22value%22:null},%22tld%22:%22priceline.com%22,%22topUrl%22:%22a.intentmedia.net%22,%22uid%22:null,%22version%22:%225_4_0%22}, line 13: SecurityError: The operation is insecure.
JavaScript error: javascript:void;, line 1: SyntaxError: expected expression, got ';'
[Parent 3080, Gecko_IOThread] WARNING: pipe error: 109: file z:/task_1572401533/build/src/ipc/chromium/src/chrome/common/ipc_channel_win.cc, line 341
[Child 8984, Chrome_ChildThread] WARNING: pipe error: 109: file z:/task_1572401533/build/src/ipc/chromium/src/chrome/common/ipc_channel_win.cc, line 341
[Child 8984, C[Parent 3080, Gecko_IOThread] WARNING: pipe error: 109: file z:/task_1572401533/build/src/ipc/chromium/src/chrome/common/ipc_channel_win.cc, line 341
[Child 9676, Chrome_ChildThread] WARNING: pipe error: 109: file z:/task_1572401533/build/src/ipc/chromium/src/chrome/common/ipc_channel_win.cc, line 341
[Child 9676, Chrome_ChildThread] WARNING: pipe error: 109: file z:/task_1572401533/build/src/ipc/chromium/src/chr[Parent 3080, Gecko_IOThread] WARNING: pipe error: 109: file z:/task_1572401533/build/src/ipc/chromium/src/chrome/common/ipc_channel_win.cc, line 341
[Child 15424, Chrome_ChildThread] WARNING: pipe error: 109: file z:/task_1572401533/build/src/ipc/chromium/src/chrome/common/ipc_channel_win.cc, line 341
[Child 15421572756301035	Marionette	INFO	Stopped listening on port 62893

###!!! [Child][RunMessage] Error: Channel closing: too late to send/recv, messages will be lost

[
###!!! [Child][MessageChannel::SendAndWait] Error: Channel error: cannot send/recv

22text%2Fjavascript%22%3E(function()%7Btry%7Bwindow.%24dv%3Dwindow.%24dvbs%7C%7Cparent.%24dvbs%2Cwindow.%24dv.dvObjType%3D%22dvbs%22%7Dcatch(e)%7B%7D%7D)()%3B%3C%2Fscript%3E%3C%2Fhead%3E%3Cbody%3E%3Cscript%20type%3D%22text%2Fjavascript%22%3E(function(a)%7Bwindow.%24frmId%3DMath.random().toString(36)%2BMath.random().toString(36)%3Bfor(var%20b%3D%5B%7Bsrc%3A%22dv-match%22%2Cmain%3A6%7D%5D%2Cd%3D0%3Bd%3Cb.length%3Bd%2B%2B)%7Bvar%20f%3Db%5Bd%5D%2Ce%3Df.eval%26%26f.rate%26%26100*Math.random()%3Cf.rate%3Ff.eval%3Af.main%2Cg%3Ddocument.createElement(%22script%22)%3Bg.src%3D%22%2F%2F%22%2Ba%2B%22%2F%22%2Bf.src%2Be%2B%22.js%22%3Bg.async%3D!0%3Bdocument.body.appendChild(g)%7D%7D)(%22cdn.doubleverify.com%22)%3B%3C%2Fscript%3E%3Cscript%20type%3D%22text%2Fjavascript%22%3EsetTimeout(function()%20%7Bdocument.close()%3B%7D%2C%200)%3B%3C%2Fscript%3E%3C%2Fbody%3E%3C%2Fhtml%3E');})(), line 1: SecurityError: The operation is insecure.
[Parent 21996, Gecko_IOThread] WARNING: pipe error: 109: file z:/task_1572401533/build/src/ipc/chromium/src/chrome/common/ipc_channel_win.cc, line 341
JavaScript warning: https://static.adsafeprotected.com/sca.17.4.95.js, line 32: Array.slice is deprecated; use Array.prototype.slice instead
[Parent 21996, Gecko_IOThread] WARNING: pipe error: 109: file z:/task_1572401533/build/src/ipc/chromium/src/chrome/common/ipc_channel_win.cc, line 341
[Parent 21996, Gecko_IOThread] WARNING: pipe error: 109: file z:/task_1572401533/build/src/ipc/chromium/src/chrome/common/ipc_channel_win.cc, line 341
[Child 23896, Chrome_ChildThread] WARNING: pipe error: 109: file z:/task_1572401533/build/src/ipc/chromium/src/chrome/common/ipc_channel_win.cc, line 341[Child 16024, Chrom
e_ChildThread] [CWhildA RNING: pipe error: 109: file z:/task_1572401533/build/src/ipc/chromium/src/chrome/common/ipc_channel_win.cc, line 341
[Child 160[Parent 21996, Gecko_IOThread] WARNING: pipe error: 109: file z:/task_1572401533/build/src/ipc/chromium/src/chrome/common/ipc_channel_win.cc, line 341
[Child 22384, Chrome_ChildThread] WARNING: pipe error: 109: file z:/task_1572401533/build/src/ipc/chromium/src/chrome/common/ipc_channel_win.cc, line 341
[Child 22384, Chconsole.error: (new Error("Connection closed before committing the transaction.", "resource://gre/modules/Sqlite.jsm", 683))
1572756299603	Marionette	INFO	Stopped listening on port 63391
[GPU 8932, Chr
###!!! [Child][RunMessage] Error: Channel closing: too late to send/recv, messages will be lost

o
###!!! [Child][MessageChannel::SendAndWait] Error: Channel error: cannot send/recv

rror: 109: file z:/task_1572401533/build/src/ipc/chromium/src/chrome/common/ipc_channel_win.cc, line 341
[Child 6720, Chrome_ChildThread] WARNING: pipe error: 109: file z:/task_1572401533/build/src/ipc/chromium/src/chrome/common/ipc_channel_win.cc, line 341
[Child 20604, Chrome_ChildThread] WARNING: pipe error: 109: file z:/task_1572401533/build/src/ipc/chromium/src/chrome/common/ipc_channel_win.cc, line 341
[Child 20604, Chrome[Parent 20204, Gecko_IOThread] WARNING: pipe error: 109: file z:/task_1572401533/build/src/ipc/chromium/src/chrome/common/ipc_channel_win.cc, line 341
[Child 6612, Chrome_ChildThread] WARNING: pipe error: 109: file z:/task_1572401533/build/src/ipc/chromium/src/chrome/common/ipc_channel_win.cc, line 341
[Child 6612, Chrome_Child1572756197284	Marionette	INFO	Stopped listening on port 63724
[GPU 20948, Chrome_Ch
###!!! [Child][RunMessage] Error: Channel closing: too late to send/recv, messages will be lost

i
###!!! [Child][MessageChannel::SendAndWait] Error: Channel error: cannot send/recv

1572756274260	mozrunner::runner	INFO	Running command: "C:\\Program Files\\Mozilla Firefox\\firefox.exe" "-marionette" "--headless" "-foreground" "-no-remote" "-profile" "C:\\Users\\19728\\AppData\\Local\\Temp\\rust_mozprofilevXcO50"
*** You are running in headless mode.
1572756274595	addons.webextension.screenshots@mozilla.org	WARN	Loading extension 'screenshots@mozilla.org': Reading manifest: Invalid extension permission: mozillaAddons
1572756274595	addons.webextension.screenshots@mozilla.org	WARN	Loading extension 'screenshots@mozilla.org': Reading manifest: Invalid extension permission: telemetry
1572756274595	addons.webextension.screenshots@mozilla.org	WARN	Loading extension 'screenshots@mozilla.org': Reading manifest: Invalid extension permission: resource://pdf.js/
1572756274595	addons.webextension.screenshots@mozilla.org	WARN	Loading extension 'screenshots@mozilla.org': Reading manifest: Invalid extension permission: about:reader*
JavaScript error: resource://gre/modules/XULStore.jsm, line 66: Error: Can't find profile directory.
1572756275760	Marionette	INFO	Listening on port 63858
1572756275774	Marionette	WARN	TLS certificate errors will be ignored for this session
JavaScript warning: https://z.moatads.com/tubemogul154237275611/moatad.js#moatClientLevel1=689343&moatClientLevel2=2108684&moatClientLevel3=595&moatClientLevel4=4117464927&moatClientSlicer1=689434&moatClientSlicer2=https://www.thecrazytourist.com&zMoatSEID=pub-3153065230153281, line 236: Error: WebGL warning: <SetDimensions>: Can't use WebGL in headless mode (https://bugzil.la/1375585).
JavaScript warning: https://z.moatads.com/tubemogul154237275611/moatad.js#moatClientLevel1=689343&moatClientLevel2=2108684&moatClientLevel3=595&moatClientLevel4=4117464927&moatClientSlicer1=689434&moatClientSlicer2=https://www.thecrazytourist.com&zMoatSEID=pub-3153065230153281, line 236: Error: WebGL warning: <SetDimensions>: Failed to create WebGL context: WebGL creation failed: 
* Can't use WebGL in headless mode (https://bugzil.la/1375585).
JavaScript warning: https://z.moatads.com/tubemogul154237275611/moatad.js#moatClientLevel1=689343&moatClientLevel2=2108684&moatClientLevel3=595&moatClientLevel4=4117464927&moatClientSlicer1=689434&moatClientSlicer2=https://www.thecrazytourist.com&zMoatSEID=pub-3153065230153281, line 236: Error: WebGL warning: <SetDimensions>: Can't use WebGL in headless mode (https://bugzil.la/1375585).
JavaScript warning: https://z.moatads.com/tubemogul154237275611/moatad.js#moatClientLevel1=689343&moatClientLevel2=2108684&moatClientLevel3=595&moatClientLevel4=4117464927&moatClientSlicer1=689434&moatClientSlicer2=https://www.thecrazytourist.com&zMoatSEID=pub-3153065230153281, line 236: Error: WebGL warning: <SetDimensions>: Failed to create WebGL context: WebGL creation failed: 
* Can't use WebGL in headless mode (https://bugzil.la/1375585).
JavaScript error: javascript: (function(){document.open();document.domain="tpc.googlesyndication.com";document.write('%3Chtml%3E%3Chead%3E%3Cscript%20type%3D%22text%2Fjavascript%22%3E(function()%7Btry%7Bwindow.%24dv%3Dwindow.%24dvbs%7C%7Cparent.%24dvbs%2Cwindow.%24dv.dvObjType%3D%22dvbs%22%7Dcatch(e)%7B%7D%7D)()%3B%3C%2Fscript%3E%3C%2Fhead%3E%3Cbody%3E%3Cscript%20type%3D%22text%2Fjavascript%22%3E(function(a)%7Bwindow.%24frmId%3DMath.random().toString(36)%2BMath.random().toString(36)%3Bfor(var%20b%3D%5B%7Bsrc%3A%22dv-match%22%2Cmain%3A6%7D%5D%2Cd%3D0%3Bd%3Cb.length%3Bd%2B%2B)%7Bvar%20f%3Db%5Bd%5D%2Ce%3Df.eval%26%26f.rate%26%26100*Math.random()%3Cf.rate%3Ff.eval%3Af.main%2Cg%3Ddocument.createElement(%22script%22)%3Bg.src%3D%22%2F%2F%22%2Ba%2B%22%2F%22%2Bf.src%2Be%2B%22.js%22%3Bg.async%3D!0%3Bdocument.body.appendChild(g)%7D%7D)(%22cdn.doubleverify.com%22)%3B%3C%2Fscript%3E%3Cscript%20type%3D%22text%2Fjavascript%22%3EsetTimeout(function()%20%7Bdocument.close()%3B%7D%2C%200)%3B%3C%2Fscript%3E%3C%2Fbody%3E%3C%2Fhtml%3E');})(), line 1: SecurityError: The operation is insecure.
JavaScript warning: https://z.moatads.com/teads245638586802/moatvideo.js#_moatApi86353013, line 251: Error: WebGL warning: <SetDimensions>: Can't use WebGL in headless mode (https://bugzil.la/1375585).
JavaScript warning: https://z.moatads.com/teads245638586802/moatvideo.js#_moatApi86353013, line 251: Error: WebGL warning: <SetDimensions>: Failed to create WebGL context: WebGL creation failed: 
* Can't use WebGL in headless mode (https://bugzil.la/1375585).
JavaScript warning: https://z.moatads.com/teads245638586802/moatvideo.js#_moatApi86353013, line 251: Error: WebGL warning: <SetDimensions>: Can't use WebGL in headless mode (https://bugzil.la/1375585).
JavaScript warning: https://z.moatads.com/teads245638586802/moatvideo.js#_moatApi86353013, line 251: Error: WebGL warning: <SetDimensions>: Failed to create WebGL context: WebGL creation failed: 
* Can't use WebGL in headless mode (https://bugzil.la/1375585).
JavaScript warning: https://static.adsafeprotected.com/sca.17.4.95.js, line 32: Array.slice is deprecated; use Array.prototype.slice instead
JavaScript warning: https://tpc.googlesyndication.com/safeframe/1-0-36/html/container.html, line 29: unreachable code after return statement
JavaScript warning: https://tpc.googlesyndication.com/safeframe/1-0-36/html/container.html, line 29: unreachable code after return statement
JavaScript warning: https://www.thecrazytourist.com/?s=dallas line 1 > scriptElement, line 1: Error: WebGL warning: <SetDimensions>: Can't use WebGL in headless mode (https://bugzil.la/1375585).
JavaScript warning: https://www.thecrazytourist.com/?s=dallas line 1 > scriptElement, line 1: Error: WebGL warning: <SetDimensions>: Failed to create WebGL context: WebGL creation failed: 
* Can't use WebGL in headless mode (https://bugzil.la/1375585).
JavaScript warning: https://www.thecrazytourist.com/?s=dallas line 1 > scriptElement, line 1: Error: WebGL warning: <SetDimensions>: Can't use WebGL in headless mode (https://bugzil.la/1375585).
JavaScript warning: https://www.thecrazytourist.com/?s=dallas line 1 > scriptElement, line 1: Error: WebGL warning: <SetDimensions>: Failed to create WebGL context: WebGL creation failed: 
* Can't use WebGL in headless mode (https://bugzil.la/1375585).
JavaScript warning: https://cdn.flashtalking.com/frameworks/js/api/2/10/html5API.js, line 1: Error: WebGL warning: <SetDimensions>: Can't use WebGL in headless mode (https://bugzil.la/1375585).
JavaScript warning: https://cdn.flashtalking.com/frameworks/js/api/2/10/html5API.js, line 1: Error: WebGL warning: <SetDimensions>: Failed to create WebGL context: WebGL creation failed: 
* Can't use WebGL in headless mode (https://bugzil.la/1375585).
JavaScript warning: https://d9.flashtalking.com/d9core, line 1: Error: WebGL warning: <SetDimensions>: Can't use WebGL in headless mode (https://bugzil.la/1375585).
JavaScript warning: https://d9.flashtalking.com/d9core, line 1: Error: WebGL warning: <SetDimensions>: Failed to create WebGL context: WebGL creation failed: 
* Can't use WebGL in headless mode (https://bugzil.la/1375585).
JavaScript warning: https://d9.flashtalking.com/d9core, line 1: Error: WebGL warning: <SetDimensions>: Can't use WebGL in headless mode (https://bugzil.la/1375585).
JavaScript warning: https://d9.flashtalking.com/d9core, line 1: Error: WebGL warning: <SetDimensions>: Failed to create WebGL context: WebGL creation failed: 
* Can't use WebGL in headless mode (https://bugzil.la/1375585).
JavaScript warning: https://d9.flashtalking.com/d9core, line 1: Error: WebGL warning: <SetDimensions>: Can't use WebGL in headless mode (https://bugzil.la/1375585).
JavaScript warning: https://d9.flashtalking.com/d9core, line 1: Error: WebGL warning: <SetDimensions>: Failed to create WebGL context: WebGL creation failed: 
* Can't use WebGL in headless mode (https://bugzil.la/1375585).
[Parent 9740, Gecko_IOThread] WARNING: pipe error: 109: file z:/task_1572401533/build/src/ipc/chromium/src/chrome/common/ipc_channel_win.cc, line 341
JavaScript error: javascript: (function(){document.open();document.domain="tpc.googlesyndication.com";document.write('%3Chtml%3E%3Chead%3E%3Cscript%20type%3D%22text%2FjavJavaScript warning: https://www.thecrazytourist.com/?s=dallas line 1 > scriptElement, line 1: Error: WebGL warning: <SetDimensions>: Can't use WebGL in headless mode (https://bugzil.la/1375585).
JavaScript warning: https://www.thecrazytourist.com/?s=dallas line 1 > scriptElement, line 1: Error: WebGL warning: <SetDimensions>: Failed to create WebGL context: WebGL creation failed: 
* Can't use WebGL in headless mode (https://bugzil.la/1375585).
JavaScript warning: https://www.thecrazytourist.com/?s=dallas line 1 > scriptElement, line 1: Error: WebGL warning: <SetDimensions>: Can't use WebGL in headless mode (https://bugzil.la/1375585).
JavaScript warning: https://www.thecrazytourist.com/?s=dallas line 1 > scriptElement, line 1: Error: WebGL warning: <SetDimensions>: Failed to create WebGL context: WebGL creation failed: 
* Can't use WebGL in headless mode (https://bugzil.la/1375585).
JavaScript error: javascript: (function(){document.open();document.domain="tpc.googlesyndication.com";document.write('%3Chtml%3E%3Chead%3E%3Cscript%20type%3D%22text%2Fjavascript%22%3E(function()%7Btry%7Bwindow.%24dv%3Dwindow.%24dvbs%7C%7Cparent.%24dvbs%2Cwindow.%24dv.dvObjType%3D%22dvbs%22%7Dcatch(e)%7B%7D%7D)()%3B%3C%2Fscript%3E%3C%2Fhead%3E%3Cbody%3E%3Cscript%20type%3D%22text%2Fjavascript%22%3E(function(a)%7Bwindow.%24frmId%3DMath.random().toString(36)%2BMath.random().toString(36)%3Bfor(var%20b%3D%5B%7Bsrc%3A%22dv-match%22%2Cmain%3A6%7D%5D%2Cd%3D0%3Bd%3Cb.length%3Bd%2B%2B)%7Bvar%20f%3Db%5Bd%5D%2Ce%3Df.eval%26%26f.rate%26%26100*Math.random()%3Cf.rate%3Ff.eval%3Af.main%2Cg%3Ddocument.createElement(%22script%22)%3Bg.src%3D%22%2F%2F%22%2Ba%2B%22%2F%22%2Bf.src%2Be%2B%22.js%22%3Bg.async%3D!0%3Bdocument.body.appendChild(g)%7D%7D)(%22cdn.doubleverify.com%22)%3B%3C%2Fscript%3E%3Cscript%20type%3D%22text%2Fjavascript%22%3EsetTimeout(function()%20%7Bdocument.close()%3B%7D%2C%200)%3B%3C%2Fscript%3E%3C%2Fbody%3E%3C%2Fhtml%3E');})(), line 1: SecurityError: The operation is insecure.
JavaScript warning: https://tpc.googlesyndication.com/safeframe/1-0-36/html/container.html, line 29: unreachable code after return statement
JavaScript warning: https://tpc.googlesyndication.com/safeframe/1-0-36/html/container.html, line 29: unreachable code afterJavaScript warning:JavaScript warning: https://tpc.googlesyndication.com/safeframe/1-0-36/html/container.html, line 29: unreachable code after return statement
JavaScript warning: https://tpc.googlesyndication.com/safeframe/1-0-36/html/container.html, line 29: unreachable code after return statement
 https://tpc.googlesyndication.com/safeframe/1-0-36/html/container.html, line 29: unreachable code after return statement
JavaScript warning: https://tpc.googlesyndication.com/safeframe/1-0-36/html/container.html, line 29: unreachable code after return statement
JavaScript warning: https://tpc.googlesyndication.com/safeframe/1-0-36/html/container.html, line 29: unreachable code after return statement
JavaScript warning: https://tpc.googlesyndication.com/safeframe/1-0-36/html/container.html, line 29: unreachable code after return statement
JavaScript warning: https://mathid.mathtag.com/device/id.js, line 1: unreachable code after return statement
JavaScript warning: https://mathid.mathtag.com/device/id.js, line 1: unreachable code after return statement
JavaScript warning: https://mathid.mathtag.com/device/id.js, line 1: unreachable code after return statement
JavaScript warning: https://mathid.mathtag.com/device/id.js, line 1: unreachable code after return statement
JavaScript warning: https://z.moatads.com/mccannzillowdcm557386431917/moatad.js#moatClientLevel1=23053153&moatClientLevel2=4663884&moatClientLevel3=252729275&moatClientLevel4=117021768&zMoatG=ct=US&st=TX&city=13286&dma=113&zp=78705&bw=4&zMoatADV=4704202&zMoatENV=j, line 237: Error: WebGL warning: <SetDimensions>: Can't use WebGL in headless mode (https://bugzil.la/1375585).
JavaScript warning: https://z.moatads.com/mccannzillowdcm557386431917/moatad.js#moatClientLevel1=23053153&moatClientLevel2=4663884&moatClientLevel3=252729275&moatClientLevel4=117021768&zMoatG=ct=US&st=TX&city=13286&dma=113&zp=78705&bw=4&zMoatADV=4704202&zMoatENV=j, line 237: Error: WebGL warning: <SetDimensions>: Failed to create WebGL context: WebGL creation failed: 
* Can't use WebGL in headless mode (https://bugzil.la/1375585).
JavaScript warning: https://z.moatads.com/mccannzillowdcm557386431917/moatad.js#moatClientLevel1=23053153&moatClientLevel2=4663884&moatClientLevel3=252729275&moatClientLevel4=117021768&zMoatG=ct=US&st=TX&city=13286&dma=113&zp=78705&bw=4&zMoatADV=4704202&zMoatENV=j, line 237: Error: WebGL warning: <SetDimensions>: Can't use WebGL in headless mode (https://bugzil.la/1375585).
JavaScript warning: https://z.moatads.com/mccannzillowdcm557386431917/moatad.js#moatClientLevel1=23053153&moatClientLevel2=4663884&moatClientLevel3=252729275&moatClientLevel4=117021768&zMoatG=ct=US&st=TX&city=13286&dma=113&zp=78705&bw=4&zMoatADV=4704202&zMoatENV=j, line 237: Error: WebGL warning: <SetDimensions>: Failed to create WebGL context: WebGL creation failed: 
* Can't use WebGL in headless mode (https://bugzil.la/1375585).
ine 1 > scriptElement, line 1: Error: WebGL warning: <SetDimensions>: Failed to create WebGL context: WebGL creation failed: 
* Can't use WebGL in headless mode (https://bugzil.la/1375585).
JavaScript warning: https://www.thecrazytourist.com/?s=brooklyn line 1 > scriptElement, line 1: Error: WebGL warning: <SetDimensions>: Can't use WebGL in headless mode (https://bugzil.la/1375585).
JavaScript warning: https://www.thecrazytourist.com/?s=brooklyn line 1 > scriptElement, line 1: Error: WebGL warning: <SetDimensions>: Failed to create WebGL context: WebGL creation failed: 
* Can't use WebGL in headless mode (https://bugzil.la/1375585).
JavaScript warning: https://static.adsafeprotected.com/sca.17.4.95.js, line 32: Array.slice is deprecated; use Array.prototype.slice instead
JavaScript warning: https://static.adsafeprotected.com/sca.17.4.95.js, line 32: Array.slice is deprecated; use Array.prototype.slice instead
JavaScript warning: https://static.adsafeprotected.com/sca.17.4.95.js, line 32: Array.slice is deprecated; use Array.prototype.slice instead
JavaScript warning: https://static.adsafeprotected.com/sca.17.4.95.js, line 32: Array.slice is deprecated; use Array.prototype.slice instead
JavaScript error: https://googleads.g.doubleclick.net/dbm/ad?dbm_c=AKAmf-CUB5XUdTDL3SRAVXYLBhVxcPoxVxG5UHp_aOioHMbstES1rBYD5aCHSrs44hrs0AhSKtQBy5h-bBCGaZwZ0VMFXCUd9w&dbm_d=AKAmf-CZ0rQMfBQPDtG7qwO0QXnnbhpC5RHxNkLakCglLss8P-ArWy8FHEwRmYPonBWsZ6Le-fttGBJLypN7rKMvbhUAWDgepUiyyHGHTjpUALoHAxivhz8eVrvQ0HAFcHMHLeU4S8IsEdpYoFsCKiMARBwMDC9L1rAxf-wtUA3Dov4nMCXHtc9AmRrD6DFVMmg5iPMfFS6hUTfri6fA47z4pgq74vXgYd7yBW-wRT8_b4l81y_sSiBv7vMIxiblFMi5v8aahBHKr4XvfwC_m0-S81jNkIVZgIn8lu9WZUHTk2hNH4cpwOW5mWY3HiuXbnl3p-tSuPvhQOUIjQAUGpu_cY0_nGqB16nBfejQRe91mvCuwjbv9DFGJuRrEAA7LZC04sCXfJG_6EVEUBURIs3BjUuRBe_SmX0FVpoboZnFwyY8QVXH9yqw92quUz2kH_9YUoctgx2OH-sH30LTk68lMQdIm06kl_Lxx-KnEl-U8fYnLlllMU9GlKZat2PcCTq5q4cGZtE_whaCKaNsgcaRxVH_oDFco00foDCu2VXwB8fwrk1CDJMVQWEIOhdv1H-YQ3DDt5NzXzP0fwX6t1RZ3kuEtUZ3zmBaejBuxk9ZlmO2jiP6s-gf0wCc2twKlz-qniOcGtC23U6wiKojQkw0yTW2JQE_9MzoAtfN5tIlQvOXiJX3foI6ZM7S7E2B6rbLj-zAy6p0S2jabr31y_rO2u9gx1ZhlIMhFgOmTX2NKAv7w3jfgFGqk9sTsCj5oRM_AgCP6KDKRLCNIJjn-Yn6JvO1txgGd9x0imy5laIm1_T0E45sI_MIkrrrKYTPC1_vBS2JsdqYVq7e-l9OZewY3VUnSCyxBgv8zAsbEa-Iem3bJo48ZXAAYvjEPoiCu68Rlz_0QxwkxilJxzefDsqBcOX3fYd7Z_7rWlYNAV5xbRWXiAXOgTZnvsEFV_t46gMF_wyGsSkpOXOF91bzlncwESu2GAiX7i3SmzwbXT8rUMA6qoRDmRn65PDpshr7Be-ZzcEPpmGUAObSdwHr4Frk0e_qL5UZg5j_k-ehRhIIOUIGd-xkXGsovR1TiEXvhrI2Xh6R2NeEqPk2g2lBQaGtH6Io3Z69VArZz2K4M-OVPamavRn11wLj9Kwqjy-SLTFOAmlgIezZ_da_ApAwdmd4G5jbRf6snqhzdj0_mXi5H7GBUESCmOSpYJefO5GZltQh_1uU7P7wNwYNxvAz9eYEw5KyoigI3eUy5-XSbwgKhHrbPx_VEYYGo7sZv6VvhwlF8Iw63PgyVR50UGFPNn6kW-TMskjafCAUq4sPf4YnvPiUxJc-1c7YzWlBWbpBKHrhvqGXJSIeRMxWku0zsNYYllUqpcaqT6Oz9YsIfvsA5EmCX7kxsWIN-P8d4n12qNg47uN5qK-KiwUeM_Ch5pmMpyxH5oLIpzG6Ob9q5H01_kDat7gko-xy0bHdanQSjaEdsFflUfGHZqNIYpCdrUhLQl14mPVcQiuF-EEXfAdT9mfpHc4yKLl8Vf10JmMv7zBTQAb3Go6Bik9_CuyOunGrAudynahEis2SULPMkB-rMnp5ltqrUnGCPYpsSeNeMFTMgIJwhx7Avf_E5c7gW4VhEiBQTos3OA59GLiyBausO5IDbUa9EK9ItKPafasVOqDbxl2yQrrTzmHcyysz68fA4Vng25Z6psfG6sMgkKcVl9ISiZeh-E3t_bUBLC-YyPA70DF9ThxMeHTUuW3NlrbGxJhZOnlslNz8XIbw90RhCqszBHIBs3nqYen73VoZ0TRZ83AdIuIo_DMAnq-kbH9edlj0KskS4KKaY59_-JoHwOHJ5nUMaex_iaiWnnu3IxAD5FJGG4cIdMX_SJ-oEkyoFDfjTE2W4vYwcgF7iDI6RwOYsLuVjayZPw1KsvivMBj8Th5bbwQeRh2G8ZZhI95hwnhyL0u0NSywqsa9b6X3N5vzXuhMatU0-dhJHIzjLKp-GviLfac9cPK855d3wOaZL1-Q6knlL321ot0z3Mf73n4Ft6sTIb2mr35iyBn-O9LPHZitCvV26Hk7dZyPYjytv4x5dX9Gr-E0SlvkLa1grYyTS5zhVdRQRMYBKTy0S6aC9EsP6gkcNycetlVaLIknG4uk9MEYTKXW8E8-hv4erJS6K7kNC3_vwAG8stp-i8b4IGEU5v32gjeu_1n6GfLL6fDwXjStErRMyB-733OA5PTIT-_Za8lAnFY9AsuBz15vS7L-tPDd-hbVFf13nYNgi4J9nLF-TL8w5chMnevuOrHrobjmZG4mVdK73UmlIvrboa_wfGwOjURRv-3mXTYP8-61LDswUda2bL4e2chQakxf7Bv3GEeqJmRuZd72jKsLxQFDXvBL3-fYMzHxIkjEPwogfqwTrs4C4srLYIrKGsj03-NayYHs9UwTHE1qjxGMSxGRpmirU62GlfGxtPFJhNcKu0e_jAUiYZuJxZj91yQqDhkumkqA-DeuU89Vuh_fHw5jdPD9B29sEiXc5s8oMvl82MsuAjvpn6u_6JoVSG8Fr-L7Z2eU0TkKR0523N5-RYlz131GfbUpNlov0dBpUb6eXnQQUaQOrJO26e-H1lmNLmhYCJK_6ZIbMOJV8TsmcXVXTxvHUYPnxGXR2q8fFpyN1Aa4X_JT0LgeaeFHKoYh322APwqQPMagz4uvqblFYI_EgmICnFBntqS8RXy7DHbWovTcbMSzrmlcNyTyRK6TIys1RWDRbr-dlkKvD-0M7DBY0KKkX9oG8r8AWwhuGNVsfIVgUQ&cid=CAASBORoEFQ, line 1: SyntaxError: invalid escape sequence
JavaScript warning: https://static.adsafeprotected.com/sca.17.4.95.js, line 32: Array.slice is deprecated; use Array.prototype.slice instead
JavaScript warning: https://static.adsafeprotected.com/sca.17.4.95.js, line 32: Array.slice is deprecated; use Array.prototype.slice instead
1572760020936	mozrunner::runner	INFO	Running command: "C:\\Program Files\\Mozilla Firefox\\firefox.exe" "-marionette" "-headless" "-foreground" "-no-remote" "-profile" "C:\\Users\\19728\\AppData\\Local\\Temp\\rust_mozprofilezNNTI2"
*** You are running in headless mode.
1572760021249	addons.webextension.screenshots@mozilla.org	WARN	Loading extension 'screenshots@mozilla.org': Reading manifest: Invalid extension permission: mozillaAddons
1572760021249	addons.webextension.screenshots@mozilla.org	WARN	Loading extension 'screenshots@mozilla.org': Reading manifest: Invalid extension permission: telemetry
1572760021249	addons.webextension.screenshots@mozilla.org	WARN	Loading extension 'screenshots@mozilla.org': Reading manifest: Invalid extension permission: resource://pdf.js/
1572760021249	addons.webextension.screenshots@mozilla.org	WARN	Loading extension 'screenshots@mozilla.org': Reading manifest: Invalid extension permission: about:reader*
JavaScript error: resource://gre/modules/XULStore.jsm, line 66: Error: Can't find profile directory.
1572760022347	Marionette	INFO	Listening on port 55562
1572760022444	Marionette	WARN	TLS certificate errors will be ignored for this session
JavaScript warning: https://static.adsafeprotected.com/sca.17.4.95.js, line 32: Array.slice is deprecated; use Array.prototype.slice instead
1572760029619	Marionette	INFO	Stopped listening on port 55562
[Child 9684, Chrome_ChildThread] WARNING: pipe error: 109: file z:/task_1572401533/build/src/ipc/chromium/src/chrome/common/ipc_channel_win.cc, line 341
[Child 9684, Chrome_Chi[Parent 18440, Gecko_IOThread] WARNING: pipe error: 109: file z:/task_1572401533/build/src/ipc/chromium/src/chrome/common/ipc_channel_win.cc, line 341
[Child 19448, Chrome_ChildThread] WARNING: pipe error: 109: file z:/task_1572401533/build/src/ipc/chromium/src/chrome/common/ipc_channel_win.cc, line 341
[Child 19448, Chrome_ChildThread] WAR[Parent 18440, Gecko_IOThread] WARNING: pipe error: 109: file z:/task_1572401533/build/src/ipc/chromium/src/chrome/common/ipc_channel_win.cc, line 341
[Child 4100, Chrome_ChildThread] WARNING: pipe error: 109: file z:/task_1572401533/build/src/ipc/chromium/src/chrome/common/ipc_channel_win.cc, line 341
[Child 4100, Chrome_C1572760052148	mozrunner::runner	INFO	Running command: "C:\\Program Files\\Mozilla Firefox\\firefox.exe" "-marionette" "-headless" "-foreground" "-no-remote" "-profile" "C:\\Users\\19728\\AppData\\Local\\Temp\\rust_mozprofileKIXpCc"
*** You are running in headless mode.
1572760052469	addons.webextension.screenshots@mozilla.org	WARN	Loading extension 'screenshots@mozilla.org': Reading manifest: Invalid extension permission: mozillaAddons
1572760052469	addons.webextension.screenshots@mozilla.org	WARN	Loading extension 'screenshots@mozilla.org': Reading manifest: Invalid extension permission: telemetry
1572760052469	addons.webextension.screenshots@mozilla.org	WARN	Loading extension 'screenshots@mozilla.org': Reading manifest: Invalid extension permission: resource://pdf.js/
1572760052469	addons.webextension.screenshots@mozilla.org	WARN	Loading extension 'screenshots@mozilla.org': Reading manifest: Invalid extension permission: about:reader*
JavaScript error: resource://gre/modules/XULStore.jsm, line 66: Error: Can't find profile directory.
1572760053534	Marionette	INFO	Listening on port 55738
1572760053655	Marionette	WARN	TLS certificate errors will be ignored for this session
1572760055405	Marionette	INFO	Stopped listening on port 55738
[Child 24556, Chrome_ChildThread] WARNING: pipe error: 109: file z:/task_1572401533/build/src/ipc/chromium/src/chrome/common/ipc_channel_win.cc, line 341
[Child 2[Parent 12704, Gecko_IOThread] WARNING: pipe error: 109: file z:/task_1572401533/build/src/ipc/chromium/src/chrome/common/ipc_channel_win.cc, line 341
[Child 9676, Chrome_ChildThread] WARNING: pipe error: 109: file z:/task_1572401533/build/src/ipc/chromium/src/chrome/common/ipc_channel_win.cc, line 341
[Chil[Parent 12704, Gecko_IOThread] WARNING: pipe error: 109: file z:/task_1572401533/build/src/ipc/chromium/src/chrome/common/ipc_channel_win.cc, line 341
[Child 8152, Chrome_ChildThread] WARNING: pipe error: 109: file z:/task_1572401533/build/src/ipc/chromium/src/chrome/common/ipc_channel_win.cc, line 341
[Child 8152, Chrome_Ch1572760371402	mozrunner::runner	INFO	Running command: "C:\\Program Files\\Mozilla Firefox\\firefox.exe" "-marionette" "-headless" "-foreground" "-no-remote" "-profile" "C:\\Users\\19728\\AppData\\Local\\Temp\\rust_mozprofile7BhG4J"
*** You are running in headless mode.
1572760371715	addons.webextension.screenshots@mozilla.org	WARN	Loading extension 'screenshots@mozilla.org': Reading manifest: Invalid extension permission: mozillaAddons
1572760371715	addons.webextension.screenshots@mozilla.org	WARN	Loading extension 'screenshots@mozilla.org': Reading manifest: Invalid extension permission: telemetry
1572760371715	addons.webextension.screenshots@mozilla.org	WARN	Loading extension 'screenshots@mozilla.org': Reading manifest: Invalid extension permission: resource://pdf.js/
1572760371715	addons.webextension.screenshots@mozilla.org	WARN	Loading extension 'screenshots@mozilla.org': Reading manifest: Invalid extension permission: about:reader*
JavaScript error: resource://gre/modules/XULStore.jsm, line 66: Error: Can't find profile directory.
1572760372885	Marionette	INFO	Listening on port 55999
1572760372918	Marionette	WARN	TLS certificate errors will be ignored for this session
1572760374472	Marionette	INFO	Stopped listening on port 55999
[Child 20468, Chrome_ChildThread] WARNING: pipe error: 109: file z:/task_1572401533/build/src/ipc/chromium/src/chrome/common/ipc_channel_win.cc, line 341
[Child 20468, Chrome_Chil[Parent 25124, Gecko_IOThread] WARNING: pipe error: 109: file z:/task_1572401533/build/src/ipc/chromium/src/chrome/common/ipc_channel_win.cc, line 341
[Child 20840, Chrome_ChildThread] WARNING: pipe error: 109: file z:/task_1572401533/build/src/ipc/chromium/src/chrome/common/ipc_channel_win.cc, line 341
[Child 20840, Chr[Parent 25124, Gecko_IOThread] WARNING: pipe error: 109: file z:/task_1572401533/build/src/ipc/chromium/src/chrome/common/ipc_channel_win.cc, line 341
[Child 15376, Chrome_ChildThread] WARNING: pipe error: 109: file z:/task_1572401533/build/src/ipc/chromium/src/chrome/common/ipc_channel_win.cc, line 341
[Child 15376, Chrome_Ch1572760431959	mozrunner::runner	INFO	Running command: "C:\\Program Files\\Mozilla Firefox\\firefox.exe" "-marionette" "-headless" "-foreground" "-no-remote" "-profile" "C:\\Users\\19728\\AppData\\Local\\Temp\\rust_mozprofile7ULPLG"
*** You are running in headless mode.
1572760432273	addons.webextension.screenshots@mozilla.org	WARN	Loading extension 'screenshots@mozilla.org': Reading manifest: Invalid extension permission: mozillaAddons
1572760432273	addons.webextension.screenshots@mozilla.org	WARN	Loading extension 'screenshots@mozilla.org': Reading manifest: Invalid extension permission: telemetry
1572760432273	addons.webextension.screenshots@mozilla.org	WARN	Loading extension 'screenshots@mozilla.org': Reading manifest: Invalid extension permission: resource://pdf.js/
1572760432273	addons.webextension.screenshots@mozilla.org	WARN	Loading extension 'screenshots@mozilla.org': Reading manifest: Invalid extension permission: about:reader*
JavaScript error: resource://gre/modules/XULStore.jsm, line 66: Error: Can't find profile directory.
1572760433416	Marionette	INFO	Listening on port 56111
1572760433470	Marionette	WARN	TLS certificate errors will be ignored for this session
1572760436874	Marionette	INFO	Stopped listening on port 56111
[Parent 18984, Gecko_IOThread] WARNING: pipe error: 109: file z:/task_1572401533/build/src/ipc/chromium/src/chrome/common/ipc_channel_win.cc, line 341
[Child 23732, Chrome_ChildThread] WARNING: pipe error: 109: file z:/task_1572401533/build/src/ipc/chromium/src/chrome/common/ipc_channel_win.cc, line 341
[Child 23732, Chrome_C[Parent 18984, Gecko_IOThread] WARNING: pipe error: 109: file z:/task_1572401533/build/src/ipc/chromium/src/chrome/common/ipc_channel_win.cc, line 341
[Child 16708, Chrome_ChildThread] WARNING: pipe error: 109: file z:/task_1572401533/build/src/ipc/chromium/src/chrome/common/ipc_channel_win.cc, line 341
[Child 16708, Chrome_ChildT[Parent 18984, Gecko_IOThread] WARNING: pipe error: 109: file z:/task_1572401533/build/src/ipc/chromium/src/chrome/common/ipc_channel_win.cc, line 341
[Child 14308, Chrome_ChildThread] WARNING: pipe error: 109: file z:/task_1572401533/build/src/ipc/chromium/src/chrome/common/ipc_channel_win.cc, line 341
[Child 14308, Chrome_ChildThrea1572760471126	mozrunner::runner	INFO	Running command: "C:\\Program Files\\Mozilla Firefox\\firefox.exe" "-marionette" "-headless" "-foreground" "-no-remote" "-profile" "C:\\Users\\19728\\AppData\\Local\\Temp\\rust_mozprofileKHGYDo"
*** You are running in headless mode.
1572760471468	addons.webextension.screenshots@mozilla.org	WARN	Loading extension 'screenshots@mozilla.org': Reading manifest: Invalid extension permission: mozillaAddons
1572760471468	addons.webextension.screenshots@mozilla.org	WARN	Loading extension 'screenshots@mozilla.org': Reading manifest: Invalid extension permission: telemetry
1572760471468	addons.webextension.screenshots@mozilla.org	WARN	Loading extension 'screenshots@mozilla.org': Reading manifest: Invalid extension permission: resource://pdf.js/
1572760471468	addons.webextension.screenshots@mozilla.org	WARN	Loading extension 'screenshots@mozilla.org': Reading manifest: Invalid extension permission: about:reader*
JavaScript error: resource://gre/modules/XULStore.jsm, line 66: Error: Can't find profile directory.
1572760472590	Marionette	INFO	Listening on port 56234
1572760472638	Marionette	WARN	TLS certificate errors will be ignored for this session
1572760474626	Marionette	INFO	Stopped listening on port 56234
[Parent 14576, Gecko_IOThread] WARNING: pipe error: 109: file z:/task_1572401533/build/src/ipc/chromium/src/chrome/common/ipc_channel_win.cc, line 341
[Child 20676, Chrome_ChildThread] WARNING: pipe error: 109: file z:/task_1572401533/build/src/ipc/chromium/src/chrome/common/ipc_channel_win.cc, line 341
[Child 20676, Chrome[Parent 14576, Gecko_IOThread] WARNING: pipe error: 109: file z:/task_1572401533/build/src/ipc/chromium/src/chrome/common/ipc_channel_win.cc, line 341
[Child 18300, Chrome_ChildThread] WARNING: pipe error: 109: file z:/task_1572401533/build/src/ipc/chromium/src/chrome/common/ipc_channel_win.cc, line 341
[Child 18300, Chrome_Ch[Parent 14576, Gecko_IOThread] WARNING: pipe error: 109: file z:/task_1572401533/build/src/ipc/chromium/src/chrome/common/ipc_channel_win.cc, line 341
[Child 20488, Chrome_ChildThread] WARNING: pipe error: 109: file z:/task_1572401533/build/src/ipc/chromium/src/chrome/common/ipc_channel_win.cc, line 341
[Child 20488, Chrome_Ch1572760497513	mozrunner::runner	INFO	Running command: "C:\\Program Files\\Mozilla Firefox\\firefox.exe" "-marionette" "-headless" "-foreground" "-no-remote" "-profile" "C:\\Users\\19728\\AppData\\Local\\Temp\\rust_mozprofilegjKCPn"
*** You are running in headless mode.
1572760497823	addons.webextension.screenshots@mozilla.org	WARN	Loading extension 'screenshots@mozilla.org': Reading manifest: Invalid extension permission: mozillaAddons
1572760497824	addons.webextension.screenshots@mozilla.org	WARN	Loading extension 'screenshots@mozilla.org': Reading manifest: Invalid extension permission: telemetry
1572760497824	addons.webextension.screenshots@mozilla.org	WARN	Loading extension 'screenshots@mozilla.org': Reading manifest: Invalid extension permission: resource://pdf.js/
1572760497824	addons.webextension.screenshots@mozilla.org	WARN	Loading extension 'screenshots@mozilla.org': Reading manifest: Invalid extension permission: about:reader*
JavaScript error: resource://gre/modules/XULStore.jsm, line 66: Error: Can't find profile directory.
1572760498964	Marionette	INFO	Listening on port 56331
1572760499021	Marionette	WARN	TLS certificate errors will be ignored for this session
1572760500698	Marionette	INFO	Stopped listening on port 56331
[Parent 25304, Gecko_IOThread] WARNING: pipe error: 109: file z:/task_1572401533/build/src/ipc/chromium/src/chrome/common/ipc_channel_win.cc, line 341
[Child 23256, Chrome_ChildThread] WARNING: pipe error: 109: file z:/task_1572401533/build/src/ipc/chromium/src/chrome/common/ipc_channel_win.cc, line 341
[Child 23256, Chrome_C[Parent 25304, Gecko_IOThread] WARNING: pipe error: 109: file z:/task_1572401533/build/src/ipc/chromium/src/chrome/common/ipc_channel_win.cc, line 341
[Child 21256, Chrome_ChildThread] WARNING: pipe error: 109: file z:/task_1572401533/build/src/ipc/chromium/src/chrome/common/ipc_channel_win.cc, line 341
[Child 21256, Chrome_ChildThread][Parent 25304, Gecko_IOThread] WARNING: pipe error: 109: file z:/task_1572401533/build/src/ipc/chromium/src/chrome/common/ipc_channel_win.cc, line 341
[Child 1768, Chrome_ChildThread] WARNING: pipe error: 109: file z:/task_1572401533/build/src/ipc/chromium/src/chrome/common/ipc_channel_win.cc, line 341
[Child 1768, Chrome_Ch1572760651376	mozrunner::runner	INFO	Running command: "C:\\Program Files\\Mozilla Firefox\\firefox.exe" "-marionette" "-headless" "-foreground" "-no-remote" "-profile" "C:\\Users\\19728\\AppData\\Local\\Temp\\rust_mozprofilegYknZj"
*** You are running in headless mode.
1572760651692	addons.webextension.screenshots@mozilla.org	WARN	Loading extension 'screenshots@mozilla.org': Reading manifest: Invalid extension permission: mozillaAddons
1572760651692	addons.webextension.screenshots@mozilla.org	WARN	Loading extension 'screenshots@mozilla.org': Reading manifest: Invalid extension permission: telemetry
1572760651692	addons.webextension.screenshots@mozilla.org	WARN	Loading extension 'screenshots@mozilla.org': Reading manifest: Invalid extension permission: resource://pdf.js/
1572760651693	addons.webextension.screenshots@mozilla.org	WARN	Loading extension 'screenshots@mozilla.org': Reading manifest: Invalid extension permission: about:reader*
JavaScript error: resource://gre/modules/XULStore.jsm, line 66: Error: Can't find profile directory.
1572760652845	Marionette	INFO	Listening on port 56498
1572760652884	Marionette	WARN	TLS certificate errors will be ignored for this session
1572760656608	Marionette	INFO	Stopped listening on port 56498
[Parent 24336, Gecko_IOThread] WARNING: pipe error: 109: file z:/task_1572401533/build/src/ipc/chromium/src/chrome/common/ipc_channel_win.cc, line 341
[Child 560, Chrome_ChildThread] WARNING: pipe error: 109: file z:/task_1572401533/build/src/ipc/chromium/src/chrome/common/ipc_channel_win.cc, line 341
[Child 560, Chrome[Parent 24336, Gecko_IOThread] WARNING: pipe error: 109: file z:/task_1572401533/build/src/ipc/chromium/src/chrome/common/ipc_channel_win.cc, line 341
[Child 24456, Chrome_ChildThread] WARNING: pipe error: 109: file z:/task_1572401533/build/src/ipc/chromium/src/chrome/common/ipc_channel_win.cc, line 341
[Child 24456, Chro[Parent 24336, Gecko_IOThread] WARNING: pipe error: 109: file z:/task_1572401533/build/src/ipc/chromium/src/chrome/common/ipc_channel_win.cc, line 341
[Child 20012, Chrome_ChildThread] WARNING: pipe error: 109: file z:/task_1572401533/build/src/ipc/chromium/src/chrome/common/ipc_channel_win.cc, line 341
[Child 20012, Chrome_ChildT1572760695224	mozrunner::runner	INFO	Running command: "C:\\Program Files\\Mozilla Firefox\\firefox.exe" "-marionette" "-headless" "-foreground" "-no-remote" "-profile" "C:\\Users\\19728\\AppData\\Local\\Temp\\rust_mozprofilem3Dkts"
*** You are running in headless mode.
1572760695536	addons.webextension.screenshots@mozilla.org	WARN	Loading extension 'screenshots@mozilla.org': Reading manifest: Invalid extension permission: mozillaAddons
1572760695536	addons.webextension.screenshots@mozilla.org	WARN	Loading extension 'screenshots@mozilla.org': Reading manifest: Invalid extension permission: telemetry
1572760695536	addons.webextension.screenshots@mozilla.org	WARN	Loading extension 'screenshots@mozilla.org': Reading manifest: Invalid extension permission: resource://pdf.js/
1572760695536	addons.webextension.screenshots@mozilla.org	WARN	Loading extension 'screenshots@mozilla.org': Reading manifest: Invalid extension permission: about:reader*
JavaScript error: resource://gre/modules/XULStore.jsm, line 66: Error: Can't find profile directory.
1572760696673	Marionette	INFO	Listening on port 56629
1572760696733	Marionette	WARN	TLS certificate errors will be ignored for this session
1572760697524	Marionette	INFO	Stopped listening on port 56629
[Parent 4924, Gecko_IOThread] WARNING: pipe error: 109: file z:/task_1572401533/build/src/ipc/chromium/src/chrome/common/ipc_channel_win.cc, line 341
[Child 18220, Chrome_ChildThread] WARNING: pipe error: 109: file z:/task_1572401533/build/src/ipc/chromium/src/chrome/common/ipc_channel_win.cc, line 341
[Child 18220, C[Parent 4924, Gecko_IOThread] WARNING: pipe error: 109: file z:/task_1572401533/build/src/ipc/chromium/src/chrome/common/ipc_channel_win.cc, line 341
[Child 15568, Chrome_ChildThread] WARNING: pipe error: 109: file z:/task_1572401533/build/src/ipc/chromium/src/chrome/common/ipc_channel_win.cc, line 341
[Child 15568, Chrome_Ch[Parent 4924, Gecko_IOThread] WARNING: pipe error: 109: file z:/task_1572401533/build/src/ipc/chromium/src/chrome/common/ipc_channel_win.cc, line 341
[Child 15128, Chrome_ChildThread] WARNING: pipe error: 109: file z:/task_1572401533/build/src/ipc/chromium/src/chrome/common/ipc_channel_win.cc, line 341
[Child 15128, Chrome_ChildThread] WARNING: pipe error: 109: file z:/task_1572401533/build/src/ipc/chromium/src/chrome/common/ipc_channel_win.cc, line 341
1572760750594	mozrunner::runner	INFO	Running command: "C:\\Program Files\\Mozilla Firefox\\firefox.exe" "-marionette" "-headless" "-foreground" "-no-remote" "-profile" "C:\\Users\\19728\\AppData\\Local\\Temp\\rust_mozprofilewrl2cY"
*** You are running in headless mode.
1572760750907	addons.webextension.screenshots@mozilla.org	WARN	Loading extension 'screenshots@mozilla.org': Reading manifest: Invalid extension permission: mozillaAddons
1572760750907	addons.webextension.screenshots@mozilla.org	WARN	Loading extension 'screenshots@mozilla.org': Reading manifest: Invalid extension permission: telemetry
1572760750908	addons.webextension.screenshots@mozilla.org	WARN	Loading extension 'screenshots@mozilla.org': Reading manifest: Invalid extension permission: resource://pdf.js/
1572760750908	addons.webextension.screenshots@mozilla.org	WARN	Loading extension 'screenshots@mozilla.org': Reading manifest: Invalid extension permission: about:reader*
JavaScript error: resource://gre/modules/XULStore.jsm, line 66: Error: Can't find profile directory.
1572760751989	Marionette	INFO	Listening on port 56729
1572760752105	Marionette	WARN	TLS certificate errors will be ignored for this session
1572760753113	Marionette	INFO	Stopped listening on port 56729
[Parent 17760, Gecko_IOThread] WARNING: pipe error: 109: file z:/task_1572401533/build/src/ipc/chromium/src/chrome/common/ipc_channel_win.cc, line 341
[Child 10816, Chrome_ChildThread] WARNING: pipe error: 109: file z:/task_1572401533/build/src/ipc/chromium/src/chrome/common/ipc_channel_win.cc, line 341
[Child 10816, Chro[Parent 17760, Gecko_IOThread] WARNING: pipe error: 109: file z:/task_1572401533/build/src/ipc/chromium/src/chrome/common/ipc_channel_win.cc, line 341
[Child 14256, Chrome_ChildThread] WARNING: pipe error: 109: file z:/task_1572401533/build/src/ipc/chromium/src/chrome/common/ipc_channel_win.cc, line 341
[Child 14256, Ch[Parent 17760, Gecko_IOThread] WARNING: pipe error: 109: file z:/task_1572401533/build/src/ipc/chromium/src/chrome/common/ipc_channel_win.cc, line 341
[Child 13040, Chrome_ChildThread] WARNING: pipe error: 109: file z:/task_1572401533/build/src/ipc/chromium/src/chrome/common/ipc_channel_win.cc, line 341
[Child 13040, Chrome_C1572760982147	mozrunner::runner	INFO	Running command: "C:\\Program Files\\Mozilla Firefox\\firefox.exe" "-marionette" "-headless" "-foreground" "-no-remote" "-profile" "C:\\Users\\19728\\AppData\\Local\\Temp\\rust_mozprofilekI37du"
*** You are running in headless mode.
1572760982467	addons.webextension.screenshots@mozilla.org	WARN	Loading extension 'screenshots@mozilla.org': Reading manifest: Invalid extension permission: mozillaAddons
1572760982468	addons.webextension.screenshots@mozilla.org	WARN	Loading extension 'screenshots@mozilla.org': Reading manifest: Invalid extension permission: telemetry
1572760982468	addons.webextension.screenshots@mozilla.org	WARN	Loading extension 'screenshots@mozilla.org': Reading manifest: Invalid extension permission: resource://pdf.js/
1572760982468	addons.webextension.screenshots@mozilla.org	WARN	Loading extension 'screenshots@mozilla.org': Reading manifest: Invalid extension permission: about:reader*
JavaScript error: resource://gre/modules/XULStore.jsm, line 66: Error: Can't find profile directory.
1572760983600	Marionette	INFO	Listening on port 56915
1572760983658	Marionette	WARN	TLS certificate errors will be ignored for this session
1572760985373	Marionette	INFO	Stopped listening on port 56915
[Parent 15424, Gecko_IOThread] WARNING: pipe error: 109: file z:/task_1572401533/build/src/ipc/chromium/src/chrome/common/ipc_channel_win.cc, line 341
[Parent 15424, Gecko_IOThread] WARNING: pipe error: 109: file z:/task_1572401533/build/src/ipc/chromium/src/chrome/common/ipc_channel_win.cc, line 341
[Child 1904, Chrome_ChildThread] WARNING: pipe error: 109: file z:/task_1572401533/build/src/ipc/chromium/src/chrome/common/ipc_channel_win.cc, line 341
[Child 1904, Chr[Parent 15424, Gecko_IOThread] WARNING: pipe error: 109: file z:/task_1572401533/build/src/ipc/chromium/src/chrome/common/ipc_channel_win.cc, line 341
[Child 5324, Chrome_ChildThread] WARNING: pipe error: 109: file z:/task_1572401533/build/src/ipc/chromium/src/chrome/common/ipc_channel_win.cc, line 341
[Child 53241572761028147	mozrunner::runner	INFO	Running command: "C:\\Program Files\\Mozilla Firefox\\firefox.exe" "-marionette" "-headless" "-foreground" "-no-remote" "-profile" "C:\\Users\\19728\\AppData\\Local\\Temp\\rust_mozprofileoJ9UNe"
*** You are running in headless mode.
1572761028465	addons.webextension.screenshots@mozilla.org	WARN	Loading extension 'screenshots@mozilla.org': Reading manifest: Invalid extension permission: mozillaAddons
1572761028465	addons.webextension.screenshots@mozilla.org	WARN	Loading extension 'screenshots@mozilla.org': Reading manifest: Invalid extension permission: telemetry
1572761028465	addons.webextension.screenshots@mozilla.org	WARN	Loading extension 'screenshots@mozilla.org': Reading manifest: Invalid extension permission: resource://pdf.js/
1572761028465	addons.webextension.screenshots@mozilla.org	WARN	Loading extension 'screenshots@mozilla.org': Reading manifest: Invalid extension permission: about:reader*
JavaScript error: resource://gre/modules/XULStore.jsm, line 66: Error: Can't find profile directory.
1572761029585	Marionette	INFO	Listening on port 57027
1572761029656	Marionette	WARN	TLS certificate errors will be ignored for this session
1572761031687	Marionette	INFO	Stopped listening on port 57027
[Parent 24824, Gecko_IOThread] WARNING: pipe error: 109: file z:/task_1572401533/build/src/ipc/chromium/src/chrome/common/ipc_channel_win.cc, line 341
[Child 25308, Chrome_ChildThread] WARNING: pipe error: 109: file z:/task_1572401533/build/src/ipc/chromium/src/chrome/common/ipc_channel_win.cc, line 341
[Child 25308, [Parent 24824, Gecko_IOThread] WARNING: pipe error: 109: file z:/task_1572401533/build/src/ipc/chromium/src/chrome/common/ipc_channel_win.cc, line 341
[Child 20272, Chrome_ChildThread] WARNING: pipe error: 109: file z:/task_1572401533/build/src/ipc/chromium/src/chrome/common/ipc_channel_win.cc, line 341
[Child 20272,[Parent 24824, Gecko_IOThread] WARNING: pipe error: 109: file z:/task_1572401533/build/src/ipc/chromium/src/chrome/common/ipc_channel_win.cc, line 341
[Child 23620, Chrome_ChildThread] WARNING: pipe error: 109: file z:/task_1572401533/build/src/ipc/chromium/src/chrome/common/ipc_channel_win.cc, line 341
[Child 23620, Chrome_Ch